2018-12-28 10:12:53.780 [http-nio-8500-exec-5] INFO  o.s.w.s.h.SimpleUrlHandlerMapping - Mapped URL path [/**/favicon.ico] onto handler of type [class org.springframework.web.servlet.resource.ResourceHttpRequestHandler]
2018-12-28 10:12:53.853 [http-nio-8500-exec-5] INFO  o.s.w.s.m.m.a.RequestMappingHandlerMapping - Mapped "{[/public/event],methods=[GET]}" onto public com.dachen.cboardpublic.util.JSONMessage com.dachen.cboardpublic.controller.CboardPublicController.eventList()
2018-12-28 10:12:53.853 [http-nio-8500-exec-5] INFO  o.s.w.s.m.m.a.RequestMappingHandlerMapping - Mapped "{[/public/module],methods=[GET]}" onto public com.dachen.cboardpublic.util.JSONMessage com.dachen.cboardpublic.controller.CboardPublicController.indexList()
2018-12-28 10:12:53.857 [http-nio-8500-exec-5] INFO  o.s.w.s.m.m.a.RequestMappingHandlerMapping - Mapped "{[/public/dimension],methods=[POST]}" onto public com.dachen.cboardpublic.util.JSONMessage com.dachen.cboardpublic.controller.CboardPublicController.dimensionList(java.lang.String)
2018-12-28 10:12:53.857 [http-nio-8500-exec-5] INFO  o.s.w.s.m.m.a.RequestMappingHandlerMapping - Mapped "{[/public/dimensionsub],methods=[GET]}" onto public com.dachen.cboardpublic.util.JSONMessage com.dachen.cboardpublic.controller.CboardPublicController.dimensionSubList(java.lang.String)
2018-12-28 10:12:53.858 [http-nio-8500-exec-5] INFO  o.s.w.s.m.m.a.RequestMappingHandlerMapping - Mapped "{[/test/testSwagger/{id}],methods=[GET]}" onto public com.dachen.cboardpublic.util.JSONMessage com.dachen.cboardpublic.controller.TestController.testSwagger(java.lang.String)
2018-12-28 10:12:53.861 [http-nio-8500-exec-5] INFO  o.s.w.s.m.m.a.RequestMappingHandlerMapping - Mapped "{[/swagger-resources/configuration/security]}" onto public org.springframework.http.ResponseEntity<springfox.documentation.swagger.web.SecurityConfiguration> springfox.documentation.swagger.web.ApiResourceController.securityConfiguration()
2018-12-28 10:12:53.862 [http-nio-8500-exec-5] INFO  o.s.w.s.m.m.a.RequestMappingHandlerMapping - Mapped "{[/swagger-resources]}" onto public org.springframework.http.ResponseEntity<java.util.List<springfox.documentation.swagger.web.SwaggerResource>> springfox.documentation.swagger.web.ApiResourceController.swaggerResources()
2018-12-28 10:12:53.862 [http-nio-8500-exec-5] INFO  o.s.w.s.m.m.a.RequestMappingHandlerMapping - Mapped "{[/swagger-resources/configuration/ui]}" onto public org.springframework.http.ResponseEntity<springfox.documentation.swagger.web.UiConfiguration> springfox.documentation.swagger.web.ApiResourceController.uiConfiguration()
2018-12-28 10:12:53.866 [http-nio-8500-exec-5] INFO  o.s.w.s.m.m.a.RequestMappingHandlerMapping - Mapped "{[/error]}" onto public org.springframework.http.ResponseEntity<java.util.Map<java.lang.String, java.lang.Object>> org.springframework.boot.autoconfigure.web.BasicErrorController.error(javax.servlet.http.HttpServletRequest)
2018-12-28 10:12:53.866 [http-nio-8500-exec-5] INFO  o.s.w.s.m.m.a.RequestMappingHandlerMapping - Mapped "{[/error],produces=[text/html]}" onto public org.springframework.web.servlet.ModelAndView org.springframework.boot.autoconfigure.web.BasicErrorController.errorHtml(javax.servlet.http.HttpServletRequest,javax.servlet.http.HttpServletResponse)
2018-12-28 10:12:53.870 [http-nio-8500-exec-5] INFO  o.s.w.s.h.SimpleUrlHandlerMapping - Mapped URL path [/webjars/**] onto handler of type [class org.springframework.web.servlet.resource.ResourceHttpRequestHandler]
2018-12-28 10:12:53.870 [http-nio-8500-exec-5] INFO  o.s.w.s.h.SimpleUrlHandlerMapping - Mapped URL path [/**] onto handler of type [class org.springframework.web.servlet.resource.ResourceHttpRequestHandler]
2018-12-28 10:13:27.176 [http-nio-8500-exec-9] INFO  o.s.w.s.h.SimpleUrlHandlerMapping - Mapped URL path [/**/favicon.ico] onto handler of type [class org.springframework.web.servlet.resource.ResourceHttpRequestHandler]
2018-12-28 10:13:27.180 [http-nio-8500-exec-9] INFO  o.s.w.s.m.m.a.RequestMappingHandlerMapping - Mapped "{[/public/event],methods=[GET]}" onto public com.dachen.cboardpublic.util.JSONMessage com.dachen.cboardpublic.controller.CboardPublicController.eventList()
2018-12-28 10:13:27.181 [http-nio-8500-exec-9] INFO  o.s.w.s.m.m.a.RequestMappingHandlerMapping - Mapped "{[/public/module],methods=[GET]}" onto public com.dachen.cboardpublic.util.JSONMessage com.dachen.cboardpublic.controller.CboardPublicController.indexList()
2018-12-28 10:13:27.181 [http-nio-8500-exec-9] INFO  o.s.w.s.m.m.a.RequestMappingHandlerMapping - Mapped "{[/public/dimension],methods=[POST]}" onto public com.dachen.cboardpublic.util.JSONMessage com.dachen.cboardpublic.controller.CboardPublicController.dimensionList(java.lang.String)
2018-12-28 10:13:27.181 [http-nio-8500-exec-9] INFO  o.s.w.s.m.m.a.RequestMappingHandlerMapping - Mapped "{[/public/dimensionsub],methods=[POST]}" onto public com.dachen.cboardpublic.util.JSONMessage com.dachen.cboardpublic.controller.CboardPublicController.dimensionSubList(java.lang.String)
2018-12-28 10:13:27.181 [http-nio-8500-exec-9] INFO  o.s.w.s.m.m.a.RequestMappingHandlerMapping - Mapped "{[/test/testSwagger/{id}],methods=[GET]}" onto public com.dachen.cboardpublic.util.JSONMessage com.dachen.cboardpublic.controller.TestController.testSwagger(java.lang.String)
2018-12-28 10:13:27.184 [http-nio-8500-exec-9] INFO  o.s.w.s.m.m.a.RequestMappingHandlerMapping - Mapped "{[/swagger-resources/configuration/security]}" onto public org.springframework.http.ResponseEntity<springfox.documentation.swagger.web.SecurityConfiguration> springfox.documentation.swagger.web.ApiResourceController.securityConfiguration()
2018-12-28 10:13:27.184 [http-nio-8500-exec-9] INFO  o.s.w.s.m.m.a.RequestMappingHandlerMapping - Mapped "{[/swagger-resources]}" onto public org.springframework.http.ResponseEntity<java.util.List<springfox.documentation.swagger.web.SwaggerResource>> springfox.documentation.swagger.web.ApiResourceController.swaggerResources()
2018-12-28 10:13:27.184 [http-nio-8500-exec-9] INFO  o.s.w.s.m.m.a.RequestMappingHandlerMapping - Mapped "{[/swagger-resources/configuration/ui]}" onto public org.springframework.http.ResponseEntity<springfox.documentation.swagger.web.UiConfiguration> springfox.documentation.swagger.web.ApiResourceController.uiConfiguration()
2018-12-28 10:13:27.186 [http-nio-8500-exec-9] INFO  o.s.w.s.m.m.a.RequestMappingHandlerMapping - Mapped "{[/error]}" onto public org.springframework.http.ResponseEntity<java.util.Map<java.lang.String, java.lang.Object>> org.springframework.boot.autoconfigure.web.BasicErrorController.error(javax.servlet.http.HttpServletRequest)
2018-12-28 10:13:27.187 [http-nio-8500-exec-9] INFO  o.s.w.s.m.m.a.RequestMappingHandlerMapping - Mapped "{[/error],produces=[text/html]}" onto public org.springframework.web.servlet.ModelAndView org.springframework.boot.autoconfigure.web.BasicErrorController.errorHtml(javax.servlet.http.HttpServletRequest,javax.servlet.http.HttpServletResponse)
2018-12-28 10:13:27.189 [http-nio-8500-exec-9] INFO  o.s.w.s.h.SimpleUrlHandlerMapping - Mapped URL path [/webjars/**] onto handler of type [class org.springframework.web.servlet.resource.ResourceHttpRequestHandler]
2018-12-28 10:13:27.189 [http-nio-8500-exec-9] INFO  o.s.w.s.h.SimpleUrlHandlerMapping - Mapped URL path [/**] onto handler of type [class org.springframework.web.servlet.resource.ResourceHttpRequestHandler]
2018-12-28 10:13:37.040 [http-nio-8500-exec-8] INFO  c.d.c.s.CboardPublicServiceImpl - doTime:143 sql:select dimtb,field from dim.dim_dimension_map where id='%s'
2018-12-28 10:13:37.178 [http-nio-8500-exec-8] ERROR c.d.c.dao.CboardPublicDaoImpl - getClusterCount ERROR:[Simba][ImpalaJDBCDriver](500051) ERROR processing query/statement. Error Code: 0, SQL state: TStatus(statusCode:ERROR_STATUS, sqlState:HY000, errorMessage:AnalysisException: Syntax error in line 1:
select %s from %s
       ^
Encountered: %
Expected: ALL, CASE, CAST, DEFAULT, DISTINCT, EXISTS, FALSE, IF, INTERVAL, NOT, NULL, REPLACE, STRAIGHT_JOIN, TRUNCATE, TRUE, IDENTIFIER

CAUSED BY: Exception: Syntax error
), Query: select %s from %s.
2018-12-28 10:13:37.198 [http-nio-8500-exec-8] INFO  c.d.c.s.CboardPublicServiceImpl - doTime:301 sql:select %s from %s
2018-12-28 10:13:51.130 [http-nio-8500-exec-3] INFO  c.d.c.s.CboardPublicServiceImpl - doTime:91 sql:select dimtb,field from dim.dim_dimension_map where id='%s'
2018-12-28 10:14:00.049 [http-nio-8500-exec-3] ERROR c.d.c.dao.CboardPublicDaoImpl - getClusterCount ERROR:[Simba][ImpalaJDBCDriver](500051) ERROR processing query/statement. Error Code: 0, SQL state: TStatus(statusCode:ERROR_STATUS, sqlState:HY000, errorMessage:AnalysisException: Syntax error in line 1:
select %s from %s
       ^
Encountered: %
Expected: ALL, CASE, CAST, DEFAULT, DISTINCT, EXISTS, FALSE, IF, INTERVAL, NOT, NULL, REPLACE, STRAIGHT_JOIN, TRUNCATE, TRUE, IDENTIFIER

CAUSED BY: Exception: Syntax error
), Query: select %s from %s.
2018-12-28 10:14:00.050 [http-nio-8500-exec-3] INFO  c.d.c.s.CboardPublicServiceImpl - doTime:9011 sql:select %s from %s
2018-12-28 10:14:06.000 [http-nio-8500-exec-6] INFO  c.d.c.s.CboardPublicServiceImpl - doTime:89 sql:select dimtb,field from dim.dim_dimension_map where id='%s'
2018-12-28 10:14:24.530 [http-nio-8500-exec-6] ERROR c.d.c.dao.CboardPublicDaoImpl - getClusterCount ERROR:[Simba][ImpalaJDBCDriver](500051) ERROR processing query/statement. Error Code: 0, SQL state: TStatus(statusCode:ERROR_STATUS, sqlState:HY000, errorMessage:AnalysisException: Syntax error in line 1:
select %s from %s
       ^
Encountered: %
Expected: ALL, CASE, CAST, DEFAULT, DISTINCT, EXISTS, FALSE, IF, INTERVAL, NOT, NULL, REPLACE, STRAIGHT_JOIN, TRUNCATE, TRUE, IDENTIFIER

CAUSED BY: Exception: Syntax error
), Query: select %s from %s.
2018-12-28 10:14:24.530 [http-nio-8500-exec-6] INFO  c.d.c.s.CboardPublicServiceImpl - doTime:18619 sql:select %s from %s
2018-12-28 10:14:46.889 [http-nio-8500-exec-5] INFO  c.d.c.s.CboardPublicServiceImpl - doTime:4818 sql:select dimtb,field from dim.dim_dimension_map where id='%s'
2018-12-28 10:14:48.433 [http-nio-8500-exec-5] ERROR c.d.c.dao.CboardPublicDaoImpl - getClusterCount ERROR:[Simba][ImpalaJDBCDriver](500051) ERROR processing query/statement. Error Code: 0, SQL state: TStatus(statusCode:ERROR_STATUS, sqlState:HY000, errorMessage:AnalysisException: Syntax error in line 1:
select %s from %s
       ^
Encountered: %
Expected: ALL, CASE, CAST, DEFAULT, DISTINCT, EXISTS, FALSE, IF, INTERVAL, NOT, NULL, REPLACE, STRAIGHT_JOIN, TRUNCATE, TRUE, IDENTIFIER

CAUSED BY: Exception: Syntax error
), Query: select %s from %s.
2018-12-28 10:14:48.433 [http-nio-8500-exec-5] INFO  c.d.c.s.CboardPublicServiceImpl - doTime:6362 sql:select %s from %s
2018-12-28 10:15:28.427 [http-nio-8500-exec-1] INFO  o.s.w.s.h.SimpleUrlHandlerMapping - Mapped URL path [/**/favicon.ico] onto handler of type [class org.springframework.web.servlet.resource.ResourceHttpRequestHandler]
2018-12-28 10:15:36.789 [http-nio-8500-exec-1] INFO  c.d.c.s.CboardPublicServiceImpl - doTime:8360 sql:select dimtb,field from dim.dim_dimension_map where id='level'
2018-12-28 10:15:38.580 [http-nio-8500-exec-1] ERROR c.d.c.dao.CboardPublicDaoImpl - getClusterCount ERROR:[Simba][ImpalaJDBCDriver](500051) ERROR processing query/statement. Error Code: 0, SQL state: TStatus(statusCode:ERROR_STATUS, sqlState:HY000, errorMessage:AnalysisException: Syntax error in line 1:
select %s from %s
       ^
Encountered: %
Expected: ALL, CASE, CAST, DEFAULT, DISTINCT, EXISTS, FALSE, IF, INTERVAL, NOT, NULL, REPLACE, STRAIGHT_JOIN, TRUNCATE, TRUE, IDENTIFIER

CAUSED BY: Exception: Syntax error
), Query: select %s from %s.
2018-12-28 10:15:38.580 [http-nio-8500-exec-1] INFO  c.d.c.s.CboardPublicServiceImpl - doTime:10152 sql:select %s from %s
2018-12-28 10:15:44.274 [http-nio-8500-exec-4] INFO  c.d.c.s.CboardPublicServiceImpl - doTime:92 sql:select dimtb,field from dim.dim_dimension_map where id='level'
2018-12-28 10:16:23.188 [http-nio-8500-exec-4] ERROR c.d.c.dao.CboardPublicDaoImpl - getClusterCount ERROR:[Simba][ImpalaJDBCDriver](500051) ERROR processing query/statement. Error Code: 0, SQL state: TStatus(statusCode:ERROR_STATUS, sqlState:HY000, errorMessage:AnalysisException: Syntax error in line 1:
select %s from %s
       ^
Encountered: %
Expected: ALL, CASE, CAST, DEFAULT, DISTINCT, EXISTS, FALSE, IF, INTERVAL, NOT, NULL, REPLACE, STRAIGHT_JOIN, TRUNCATE, TRUE, IDENTIFIER

CAUSED BY: Exception: Syntax error
), Query: select %s from %s.
2018-12-28 10:16:23.188 [http-nio-8500-exec-4] INFO  c.d.c.s.CboardPublicServiceImpl - doTime:39006 sql:select %s from %s
2018-12-28 10:17:56.468 [http-nio-8500-exec-9] INFO  o.s.w.s.h.SimpleUrlHandlerMapping - Mapped URL path [/**/favicon.ico] onto handler of type [class org.springframework.web.servlet.resource.ResourceHttpRequestHandler]
2018-12-28 10:18:03.403 [http-nio-8500-exec-8] INFO  c.d.c.s.CboardPublicServiceImpl - doTime:99 sql:select dimtb,field from dim.dim_dimension_map where id='level'
2018-12-28 10:18:14.873 [http-nio-8500-exec-8] INFO  c.d.c.s.CboardPublicServiceImpl - doTime:11568 sql:select level from dim.dim_hospital_level
2018-12-28 10:18:26.747 [http-nio-8500-exec-6] INFO  c.d.c.s.CboardPublicServiceImpl - doTime:92 sql:select dimtb,field from dim.dim_dimension_map where id='level'
2018-12-28 10:18:39.938 [http-nio-8500-exec-6] INFO  c.d.c.s.CboardPublicServiceImpl - doTime:13282 sql:select level from dim.dim_hospital_level
2018-12-28 10:18:44.917 [http-nio-8500-exec-10] INFO  c.d.c.s.CboardPublicServiceImpl - doTime:88 sql:select dimtb,field from dim.dim_dimension_map where id='level'
2018-12-28 10:20:07.767 [http-nio-8500-exec-10] INFO  c.d.c.s.CboardPublicServiceImpl - doTime:82938 sql:select level from dim.dim_hospital_level
2018-12-28 10:26:34.965 [http-nio-8500-exec-1] INFO  o.s.w.s.h.SimpleUrlHandlerMapping - Mapped URL path [/**/favicon.ico] onto handler of type [class org.springframework.web.servlet.resource.ResourceHttpRequestHandler]
2018-12-28 10:26:35.124 [http-nio-8500-exec-1] INFO  c.d.c.s.CboardPublicServiceImpl - doTime:154 sql:select dimtb,field from dim.dim_dimension_map where id='level'
2018-12-28 10:26:36.734 [http-nio-8500-exec-1] INFO  c.d.c.s.CboardPublicServiceImpl - doTime:1764 sql:select level from dim.dim_hospital_level
2018-12-28 10:28:19.560 [http-nio-8500-exec-7] INFO  c.d.c.s.CboardPublicServiceImpl - doTime:92 sql:select dimtb,field from dim.dim_dimension_map where id='doctor_title'
2018-12-28 10:28:43.118 [http-nio-8500-exec-7] INFO  c.d.c.s.CboardPublicServiceImpl - doTime:23650 sql:select name from dim.dim_user_title
2018-12-28 10:28:54.024 [http-nio-8500-exec-9] INFO  c.d.c.s.CboardPublicServiceImpl - doTime:85 sql:select dimtb,field from dim.dim_dimension_map where id='doctor_title'
2018-12-28 10:28:54.104 [http-nio-8500-exec-9] INFO  c.d.c.s.CboardPublicServiceImpl - doTime:165 sql:select name from dim.dim_user_title
2018-12-28 10:29:05.378 [http-nio-8500-exec-2] INFO  c.d.c.s.CboardPublicServiceImpl - doTime:80 sql:select dimtb,field from dim.dim_dimension_map where id='doctor_department'
2018-12-28 10:29:05.403 [http-nio-8500-exec-2] ERROR c.d.c.dao.CboardPublicDaoImpl - getClusterCount ERROR:[Simba][ImpalaJDBCDriver](500051) ERROR processing query/statement. Error Code: 0, SQL state: TStatus(statusCode:ERROR_STATUS, sqlState:HY000, errorMessage:AnalysisException: Syntax error in line 1:
select null from null
                 ^
Encountered: NULL
Expected: DEFAULT, IDENTIFIER

CAUSED BY: Exception: Syntax error
), Query: select null from null.
2018-12-28 10:29:05.404 [http-nio-8500-exec-2] INFO  c.d.c.s.CboardPublicServiceImpl - doTime:106 sql:select null from null
2018-12-28 10:29:14.334 [http-nio-8500-exec-3] INFO  c.d.c.s.CboardPublicServiceImpl - doTime:85 sql:select dimtb,field from dim.dim_dimension_map where id='doctor_dept'
2018-12-28 10:29:14.359 [http-nio-8500-exec-3] ERROR c.d.c.dao.CboardPublicDaoImpl - getClusterCount ERROR:[Simba][ImpalaJDBCDriver](500051) ERROR processing query/statement. Error Code: 0, SQL state: TStatus(statusCode:ERROR_STATUS, sqlState:HY000, errorMessage:AnalysisException: Syntax error in line 1:
select null from null
                 ^
Encountered: NULL
Expected: DEFAULT, IDENTIFIER

CAUSED BY: Exception: Syntax error
), Query: select null from null.
2018-12-28 10:29:14.360 [http-nio-8500-exec-3] INFO  c.d.c.s.CboardPublicServiceImpl - doTime:111 sql:select null from null
2018-12-28 10:29:39.800 [http-nio-8500-exec-8] INFO  c.d.c.s.CboardPublicServiceImpl - doTime:93 sql:select dimtb,field from dim.dim_dimension_map where id='doctor_departments'
2018-12-28 10:29:44.925 [http-nio-8500-exec-8] INFO  c.d.c.s.CboardPublicServiceImpl - doTime:5218 sql:select name from dim.dim_hospital_dept
