2018-12-27 15:47:15.640 [background-preinit] INFO  o.h.validator.internal.util.Version - HV000001: Hibernate Validator 5.3.4.Final
2018-12-27 15:47:15.651 [main] INFO  c.d.c.CBoardPublicApplication - Starting CBoardPublicApplication on ChenLingu with PID 24808 (D:\CODE\cboard-public\target\classes started by chenlg in D:\CODE\cboard-public)
2018-12-27 15:47:15.652 [main] INFO  c.d.c.CBoardPublicApplication - No active profile set, falling back to default profiles: default
2018-12-27 15:47:15.752 [main] INFO  o.s.b.c.e.AnnotationConfigEmbeddedWebApplicationContext - Refreshing org.springframework.boot.context.embedded.AnnotationConfigEmbeddedWebApplicationContext@1a3e8b68: startup date [Thu Dec 27 15:47:15 CST 2018]; root of context hierarchy
2018-12-27 15:47:19.422 [main] INFO  o.s.b.c.e.t.TomcatEmbeddedServletContainer - Tomcat initialized with port(s): 8500 (http)
2018-12-27 15:47:19.443 [main] INFO  o.a.catalina.core.StandardService - Starting service Tomcat
2018-12-27 15:47:19.445 [main] INFO  o.a.catalina.core.StandardEngine - Starting Servlet Engine: Apache Tomcat/8.5.11
2018-12-27 15:47:19.713 [localhost-startStop-1] INFO  o.a.c.c.C.[Tomcat].[localhost].[/] - Initializing Spring embedded WebApplicationContext
2018-12-27 15:47:19.713 [localhost-startStop-1] INFO  o.s.web.context.ContextLoader - Root WebApplicationContext: initialization completed in 3961 ms
2018-12-27 15:47:19.904 [localhost-startStop-1] INFO  o.s.b.w.s.ServletRegistrationBean - Mapping servlet: 'dispatcherServlet' to [/]
2018-12-27 15:47:19.912 [localhost-startStop-1] INFO  o.s.b.w.s.FilterRegistrationBean - Mapping filter: 'characterEncodingFilter' to: [/*]
2018-12-27 15:47:19.913 [localhost-startStop-1] INFO  o.s.b.w.s.FilterRegistrationBean - Mapping filter: 'hiddenHttpMethodFilter' to: [/*]
2018-12-27 15:47:19.913 [localhost-startStop-1] INFO  o.s.b.w.s.FilterRegistrationBean - Mapping filter: 'httpPutFormContentFilter' to: [/*]
2018-12-27 15:47:19.913 [localhost-startStop-1] INFO  o.s.b.w.s.FilterRegistrationBean - Mapping filter: 'requestContextFilter' to: [/*]
2018-12-27 15:47:21.394 [main] INFO  o.s.w.s.m.m.a.RequestMappingHandlerMapping - Mapped "{[/public/city],methods=[POST]}" onto public com.dachen.cboardpublic.util.JSONMessage com.dachen.cboardpublic.controller.CboardPublicController.userproFileCity()
2018-12-27 15:47:21.397 [main] INFO  o.s.w.s.m.m.a.RequestMappingHandlerMapping - Mapped "{[/test/testSwagger/{id}],methods=[GET]}" onto public com.dachen.cboardpublic.util.JSONMessage com.dachen.cboardpublic.controller.TestController.testSwagger(java.lang.String)
2018-12-27 15:47:21.403 [main] INFO  o.s.w.s.m.m.a.RequestMappingHandlerMapping - Mapped "{[/swagger-resources/configuration/ui]}" onto public org.springframework.http.ResponseEntity<springfox.documentation.swagger.web.UiConfiguration> springfox.documentation.swagger.web.ApiResourceController.uiConfiguration()
2018-12-27 15:47:21.404 [main] INFO  o.s.w.s.m.m.a.RequestMappingHandlerMapping - Mapped "{[/swagger-resources]}" onto public org.springframework.http.ResponseEntity<java.util.List<springfox.documentation.swagger.web.SwaggerResource>> springfox.documentation.swagger.web.ApiResourceController.swaggerResources()
2018-12-27 15:47:21.404 [main] INFO  o.s.w.s.m.m.a.RequestMappingHandlerMapping - Mapped "{[/swagger-resources/configuration/security]}" onto public org.springframework.http.ResponseEntity<springfox.documentation.swagger.web.SecurityConfiguration> springfox.documentation.swagger.web.ApiResourceController.securityConfiguration()
2018-12-27 15:47:21.409 [main] INFO  o.s.w.s.m.m.a.RequestMappingHandlerMapping - Mapped "{[/error]}" onto public org.springframework.http.ResponseEntity<java.util.Map<java.lang.String, java.lang.Object>> org.springframework.boot.autoconfigure.web.BasicErrorController.error(javax.servlet.http.HttpServletRequest)
2018-12-27 15:47:21.409 [main] INFO  o.s.w.s.m.m.a.RequestMappingHandlerMapping - Mapped "{[/error],produces=[text/html]}" onto public org.springframework.web.servlet.ModelAndView org.springframework.boot.autoconfigure.web.BasicErrorController.errorHtml(javax.servlet.http.HttpServletRequest,javax.servlet.http.HttpServletResponse)
2018-12-27 15:47:21.723 [main] INFO  o.s.w.s.m.m.a.RequestMappingHandlerAdapter - Looking for @ControllerAdvice: org.springframework.boot.context.embedded.AnnotationConfigEmbeddedWebApplicationContext@1a3e8b68: startup date [Thu Dec 27 15:47:15 CST 2018]; root of context hierarchy
2018-12-27 15:47:21.818 [main] INFO  o.s.w.s.h.SimpleUrlHandlerMapping - Mapped URL path [/webjars/**] onto handler of type [class org.springframework.web.servlet.resource.ResourceHttpRequestHandler]
2018-12-27 15:47:21.818 [main] INFO  o.s.w.s.h.SimpleUrlHandlerMapping - Mapped URL path [/**] onto handler of type [class org.springframework.web.servlet.resource.ResourceHttpRequestHandler]
2018-12-27 15:47:21.842 [main] INFO  o.s.w.s.m.m.a.ExceptionHandlerExceptionResolver - Detected @ExceptionHandler methods in exceptionHandlerAdvice
2018-12-27 15:47:21.872 [main] INFO  o.s.w.s.h.SimpleUrlHandlerMapping - Mapped URL path [/**/favicon.ico] onto handler of type [class org.springframework.web.servlet.resource.ResourceHttpRequestHandler]
2018-12-27 15:47:22.244 [main] INFO  o.s.j.e.a.AnnotationMBeanExporter - Registering beans for JMX exposure on startup
2018-12-27 15:47:22.278 [main] INFO  o.s.c.s.DefaultLifecycleProcessor - Starting beans in phase 2147483647
2018-12-27 15:47:22.993 [main] INFO  o.a.coyote.http11.Http11NioProtocol - Initializing ProtocolHandler ["http-nio-8500"]
2018-12-27 15:47:23.041 [main] INFO  o.a.coyote.http11.Http11NioProtocol - Starting ProtocolHandler [http-nio-8500]
2018-12-27 15:47:23.072 [main] INFO  o.a.tomcat.util.net.NioSelectorPool - Using a shared selector for servlet write/read
2018-12-27 15:47:23.149 [main] INFO  o.s.b.c.e.t.TomcatEmbeddedServletContainer - Tomcat started on port(s): 8500 (http)
2018-12-27 15:47:23.157 [main] INFO  c.d.c.CBoardPublicApplication - Started CBoardPublicApplication in 8.983 seconds (JVM running for 24.567)
2018-12-27 15:48:57.786 [http-nio-8500-exec-1] INFO  o.a.c.c.C.[Tomcat].[localhost].[/] - Initializing Spring FrameworkServlet 'dispatcherServlet'
2018-12-27 15:48:57.786 [http-nio-8500-exec-1] INFO  o.s.web.servlet.DispatcherServlet - FrameworkServlet 'dispatcherServlet': initialization started
2018-12-27 15:48:57.808 [http-nio-8500-exec-1] INFO  o.s.web.servlet.DispatcherServlet - FrameworkServlet 'dispatcherServlet': initialization completed in 21 ms
2018-12-27 15:48:57.897 [http-nio-8500-exec-1] WARN  o.s.web.servlet.PageNotFound - Request method 'GET' not supported
2018-12-27 15:49:42.586 [main] INFO  c.d.c.CBoardPublicApplication - Starting CBoardPublicApplication on ChenLingu with PID 30712 (D:\CODE\cboard-public\target\classes started by chenlg in D:\CODE\cboard-public)
2018-12-27 15:49:42.591 [main] INFO  c.d.c.CBoardPublicApplication - No active profile set, falling back to default profiles: default
2018-12-27 15:49:42.765 [main] INFO  o.s.b.c.e.AnnotationConfigEmbeddedWebApplicationContext - Refreshing org.springframework.boot.context.embedded.AnnotationConfigEmbeddedWebApplicationContext@4ebadd3d: startup date [Thu Dec 27 15:49:42 CST 2018]; root of context hierarchy
2018-12-27 15:49:42.781 [background-preinit] INFO  o.h.validator.internal.util.Version - HV000001: Hibernate Validator 5.3.4.Final
2018-12-27 15:49:44.753 [main] INFO  o.s.b.c.e.t.TomcatEmbeddedServletContainer - Tomcat initialized with port(s): 8500 (http)
2018-12-27 15:49:44.764 [main] INFO  o.a.catalina.core.StandardService - Starting service Tomcat
2018-12-27 15:49:44.765 [main] INFO  o.a.catalina.core.StandardEngine - Starting Servlet Engine: Apache Tomcat/8.5.11
2018-12-27 15:49:44.923 [localhost-startStop-1] INFO  o.a.c.c.C.[Tomcat].[localhost].[/] - Initializing Spring embedded WebApplicationContext
2018-12-27 15:49:44.924 [localhost-startStop-1] INFO  o.s.web.context.ContextLoader - Root WebApplicationContext: initialization completed in 2159 ms
2018-12-27 15:49:45.123 [localhost-startStop-1] INFO  o.s.b.w.s.ServletRegistrationBean - Mapping servlet: 'dispatcherServlet' to [/]
2018-12-27 15:49:45.130 [localhost-startStop-1] INFO  o.s.b.w.s.FilterRegistrationBean - Mapping filter: 'characterEncodingFilter' to: [/*]
2018-12-27 15:49:45.130 [localhost-startStop-1] INFO  o.s.b.w.s.FilterRegistrationBean - Mapping filter: 'hiddenHttpMethodFilter' to: [/*]
2018-12-27 15:49:45.131 [localhost-startStop-1] INFO  o.s.b.w.s.FilterRegistrationBean - Mapping filter: 'httpPutFormContentFilter' to: [/*]
2018-12-27 15:49:45.131 [localhost-startStop-1] INFO  o.s.b.w.s.FilterRegistrationBean - Mapping filter: 'requestContextFilter' to: [/*]
2018-12-27 15:49:45.881 [main] INFO  o.s.w.s.m.m.a.RequestMappingHandlerMapping - Mapped "{[/public/city],methods=[GET]}" onto public com.dachen.cboardpublic.util.JSONMessage com.dachen.cboardpublic.controller.CboardPublicController.userproFileCity()
2018-12-27 15:49:45.884 [main] INFO  o.s.w.s.m.m.a.RequestMappingHandlerMapping - Mapped "{[/test/testSwagger/{id}],methods=[GET]}" onto public com.dachen.cboardpublic.util.JSONMessage com.dachen.cboardpublic.controller.TestController.testSwagger(java.lang.String)
2018-12-27 15:49:45.889 [main] INFO  o.s.w.s.m.m.a.RequestMappingHandlerMapping - Mapped "{[/swagger-resources]}" onto public org.springframework.http.ResponseEntity<java.util.List<springfox.documentation.swagger.web.SwaggerResource>> springfox.documentation.swagger.web.ApiResourceController.swaggerResources()
2018-12-27 15:49:45.890 [main] INFO  o.s.w.s.m.m.a.RequestMappingHandlerMapping - Mapped "{[/swagger-resources/configuration/ui]}" onto public org.springframework.http.ResponseEntity<springfox.documentation.swagger.web.UiConfiguration> springfox.documentation.swagger.web.ApiResourceController.uiConfiguration()
2018-12-27 15:49:45.891 [main] INFO  o.s.w.s.m.m.a.RequestMappingHandlerMapping - Mapped "{[/swagger-resources/configuration/security]}" onto public org.springframework.http.ResponseEntity<springfox.documentation.swagger.web.SecurityConfiguration> springfox.documentation.swagger.web.ApiResourceController.securityConfiguration()
2018-12-27 15:49:45.894 [main] INFO  o.s.w.s.m.m.a.RequestMappingHandlerMapping - Mapped "{[/error]}" onto public org.springframework.http.ResponseEntity<java.util.Map<java.lang.String, java.lang.Object>> org.springframework.boot.autoconfigure.web.BasicErrorController.error(javax.servlet.http.HttpServletRequest)
2018-12-27 15:49:45.895 [main] INFO  o.s.w.s.m.m.a.RequestMappingHandlerMapping - Mapped "{[/error],produces=[text/html]}" onto public org.springframework.web.servlet.ModelAndView org.springframework.boot.autoconfigure.web.BasicErrorController.errorHtml(javax.servlet.http.HttpServletRequest,javax.servlet.http.HttpServletResponse)
2018-12-27 15:49:46.178 [main] INFO  o.s.w.s.m.m.a.RequestMappingHandlerAdapter - Looking for @ControllerAdvice: org.springframework.boot.context.embedded.AnnotationConfigEmbeddedWebApplicationContext@4ebadd3d: startup date [Thu Dec 27 15:49:42 CST 2018]; root of context hierarchy
2018-12-27 15:49:46.258 [main] INFO  o.s.w.s.h.SimpleUrlHandlerMapping - Mapped URL path [/webjars/**] onto handler of type [class org.springframework.web.servlet.resource.ResourceHttpRequestHandler]
2018-12-27 15:49:46.258 [main] INFO  o.s.w.s.h.SimpleUrlHandlerMapping - Mapped URL path [/**] onto handler of type [class org.springframework.web.servlet.resource.ResourceHttpRequestHandler]
2018-12-27 15:49:46.280 [main] INFO  o.s.w.s.m.m.a.ExceptionHandlerExceptionResolver - Detected @ExceptionHandler methods in exceptionHandlerAdvice
2018-12-27 15:49:46.307 [main] INFO  o.s.w.s.h.SimpleUrlHandlerMapping - Mapped URL path [/**/favicon.ico] onto handler of type [class org.springframework.web.servlet.resource.ResourceHttpRequestHandler]
2018-12-27 15:49:46.625 [main] INFO  o.s.j.e.a.AnnotationMBeanExporter - Registering beans for JMX exposure on startup
2018-12-27 15:49:46.635 [main] INFO  o.s.c.s.DefaultLifecycleProcessor - Starting beans in phase 2147483647
2018-12-27 15:49:46.910 [main] INFO  o.a.coyote.http11.Http11NioProtocol - Initializing ProtocolHandler ["http-nio-8500"]
2018-12-27 15:49:46.919 [main] INFO  o.a.coyote.http11.Http11NioProtocol - Starting ProtocolHandler [http-nio-8500]
2018-12-27 15:49:47.103 [main] INFO  o.a.tomcat.util.net.NioSelectorPool - Using a shared selector for servlet write/read
2018-12-27 15:49:47.128 [main] INFO  o.s.b.c.e.t.TomcatEmbeddedServletContainer - Tomcat started on port(s): 8500 (http)
2018-12-27 15:49:47.136 [main] INFO  c.d.c.CBoardPublicApplication - Started CBoardPublicApplication in 5.417 seconds (JVM running for 10.958)
2018-12-27 15:49:52.526 [http-nio-8500-exec-1] INFO  o.a.c.c.C.[Tomcat].[localhost].[/] - Initializing Spring FrameworkServlet 'dispatcherServlet'
2018-12-27 15:49:52.526 [http-nio-8500-exec-1] INFO  o.s.web.servlet.DispatcherServlet - FrameworkServlet 'dispatcherServlet': initialization started
2018-12-27 15:49:52.546 [http-nio-8500-exec-1] INFO  o.s.web.servlet.DispatcherServlet - FrameworkServlet 'dispatcherServlet': initialization completed in 20 ms
2018-12-27 15:49:52.578 [http-nio-8500-exec-1] WARN  o.s.web.servlet.PageNotFound - Request method 'POST' not supported
2018-12-27 15:50:37.039 [main] INFO  c.d.c.CBoardPublicApplication - Starting CBoardPublicApplication on ChenLingu with PID 29164 (D:\CODE\cboard-public\target\classes started by chenlg in D:\CODE\cboard-public)
2018-12-27 15:50:37.042 [main] INFO  c.d.c.CBoardPublicApplication - No active profile set, falling back to default profiles: default
2018-12-27 15:50:37.128 [main] INFO  o.s.b.c.e.AnnotationConfigEmbeddedWebApplicationContext - Refreshing org.springframework.boot.context.embedded.AnnotationConfigEmbeddedWebApplicationContext@6569dded: startup date [Thu Dec 27 15:50:37 CST 2018]; root of context hierarchy
2018-12-27 15:50:37.201 [background-preinit] INFO  o.h.validator.internal.util.Version - HV000001: Hibernate Validator 5.3.4.Final
2018-12-27 15:50:38.819 [main] INFO  o.s.b.c.e.t.TomcatEmbeddedServletContainer - Tomcat initialized with port(s): 8500 (http)
2018-12-27 15:50:38.829 [main] INFO  o.a.catalina.core.StandardService - Starting service Tomcat
2018-12-27 15:50:38.830 [main] INFO  o.a.catalina.core.StandardEngine - Starting Servlet Engine: Apache Tomcat/8.5.11
2018-12-27 15:50:38.985 [localhost-startStop-1] INFO  o.a.c.c.C.[Tomcat].[localhost].[/] - Initializing Spring embedded WebApplicationContext
2018-12-27 15:50:38.985 [localhost-startStop-1] INFO  o.s.web.context.ContextLoader - Root WebApplicationContext: initialization completed in 1857 ms
2018-12-27 15:50:39.151 [localhost-startStop-1] INFO  o.s.b.w.s.ServletRegistrationBean - Mapping servlet: 'dispatcherServlet' to [/]
2018-12-27 15:50:39.156 [localhost-startStop-1] INFO  o.s.b.w.s.FilterRegistrationBean - Mapping filter: 'characterEncodingFilter' to: [/*]
2018-12-27 15:50:39.157 [localhost-startStop-1] INFO  o.s.b.w.s.FilterRegistrationBean - Mapping filter: 'hiddenHttpMethodFilter' to: [/*]
2018-12-27 15:50:39.157 [localhost-startStop-1] INFO  o.s.b.w.s.FilterRegistrationBean - Mapping filter: 'httpPutFormContentFilter' to: [/*]
2018-12-27 15:50:39.157 [localhost-startStop-1] INFO  o.s.b.w.s.FilterRegistrationBean - Mapping filter: 'requestContextFilter' to: [/*]
2018-12-27 15:50:39.914 [main] INFO  o.s.w.s.m.m.a.RequestMappingHandlerMapping - Mapped "{[/public/city],methods=[GET]}" onto public com.dachen.cboardpublic.util.JSONMessage com.dachen.cboardpublic.controller.CboardPublicController.userproFileCity()
2018-12-27 15:50:39.917 [main] INFO  o.s.w.s.m.m.a.RequestMappingHandlerMapping - Mapped "{[/test/testSwagger/{id}],methods=[GET]}" onto public com.dachen.cboardpublic.util.JSONMessage com.dachen.cboardpublic.controller.TestController.testSwagger(java.lang.String)
2018-12-27 15:50:39.922 [main] INFO  o.s.w.s.m.m.a.RequestMappingHandlerMapping - Mapped "{[/swagger-resources/configuration/security]}" onto public org.springframework.http.ResponseEntity<springfox.documentation.swagger.web.SecurityConfiguration> springfox.documentation.swagger.web.ApiResourceController.securityConfiguration()
2018-12-27 15:50:39.923 [main] INFO  o.s.w.s.m.m.a.RequestMappingHandlerMapping - Mapped "{[/swagger-resources]}" onto public org.springframework.http.ResponseEntity<java.util.List<springfox.documentation.swagger.web.SwaggerResource>> springfox.documentation.swagger.web.ApiResourceController.swaggerResources()
2018-12-27 15:50:39.924 [main] INFO  o.s.w.s.m.m.a.RequestMappingHandlerMapping - Mapped "{[/swagger-resources/configuration/ui]}" onto public org.springframework.http.ResponseEntity<springfox.documentation.swagger.web.UiConfiguration> springfox.documentation.swagger.web.ApiResourceController.uiConfiguration()
2018-12-27 15:50:39.926 [main] INFO  o.s.w.s.m.m.a.RequestMappingHandlerMapping - Mapped "{[/error]}" onto public org.springframework.http.ResponseEntity<java.util.Map<java.lang.String, java.lang.Object>> org.springframework.boot.autoconfigure.web.BasicErrorController.error(javax.servlet.http.HttpServletRequest)
2018-12-27 15:50:39.927 [main] INFO  o.s.w.s.m.m.a.RequestMappingHandlerMapping - Mapped "{[/error],produces=[text/html]}" onto public org.springframework.web.servlet.ModelAndView org.springframework.boot.autoconfigure.web.BasicErrorController.errorHtml(javax.servlet.http.HttpServletRequest,javax.servlet.http.HttpServletResponse)
2018-12-27 15:50:40.190 [main] INFO  o.s.w.s.m.m.a.RequestMappingHandlerAdapter - Looking for @ControllerAdvice: org.springframework.boot.context.embedded.AnnotationConfigEmbeddedWebApplicationContext@6569dded: startup date [Thu Dec 27 15:50:37 CST 2018]; root of context hierarchy
2018-12-27 15:50:40.265 [main] INFO  o.s.w.s.h.SimpleUrlHandlerMapping - Mapped URL path [/webjars/**] onto handler of type [class org.springframework.web.servlet.resource.ResourceHttpRequestHandler]
2018-12-27 15:50:40.265 [main] INFO  o.s.w.s.h.SimpleUrlHandlerMapping - Mapped URL path [/**] onto handler of type [class org.springframework.web.servlet.resource.ResourceHttpRequestHandler]
2018-12-27 15:50:40.286 [main] INFO  o.s.w.s.m.m.a.ExceptionHandlerExceptionResolver - Detected @ExceptionHandler methods in exceptionHandlerAdvice
2018-12-27 15:50:40.320 [main] INFO  o.s.w.s.h.SimpleUrlHandlerMapping - Mapped URL path [/**/favicon.ico] onto handler of type [class org.springframework.web.servlet.resource.ResourceHttpRequestHandler]
2018-12-27 15:50:40.641 [main] INFO  o.s.j.e.a.AnnotationMBeanExporter - Registering beans for JMX exposure on startup
2018-12-27 15:50:40.651 [main] INFO  o.s.c.s.DefaultLifecycleProcessor - Starting beans in phase 2147483647
2018-12-27 15:50:40.927 [main] INFO  o.a.coyote.http11.Http11NioProtocol - Initializing ProtocolHandler ["http-nio-8500"]
2018-12-27 15:50:40.935 [main] INFO  o.a.coyote.http11.Http11NioProtocol - Starting ProtocolHandler [http-nio-8500]
2018-12-27 15:50:41.117 [main] INFO  o.a.tomcat.util.net.NioSelectorPool - Using a shared selector for servlet write/read
2018-12-27 15:50:41.142 [main] INFO  o.s.b.c.e.t.TomcatEmbeddedServletContainer - Tomcat started on port(s): 8500 (http)
2018-12-27 15:50:41.149 [main] INFO  c.d.c.CBoardPublicApplication - Started CBoardPublicApplication in 4.497 seconds (JVM running for 9.237)
2018-12-27 15:50:49.317 [http-nio-8500-exec-1] INFO  o.a.c.c.C.[Tomcat].[localhost].[/] - Initializing Spring FrameworkServlet 'dispatcherServlet'
2018-12-27 15:50:49.318 [http-nio-8500-exec-1] INFO  o.s.web.servlet.DispatcherServlet - FrameworkServlet 'dispatcherServlet': initialization started
2018-12-27 15:50:49.338 [http-nio-8500-exec-1] INFO  o.s.web.servlet.DispatcherServlet - FrameworkServlet 'dispatcherServlet': initialization completed in 20 ms
2018-12-27 15:50:50.019 [http-nio-8500-exec-1] INFO  c.d.c.s.CboardPublicServiceImpl - doTime:651 sql:select * from dim.dim_index
2018-12-27 15:50:56.880 [http-nio-8500-exec-2] INFO  c.d.c.s.CboardPublicServiceImpl - doTime:82 sql:select * from dim.dim_index
2018-12-27 15:51:49.553 [http-nio-8500-exec-3] INFO  c.d.c.s.CboardPublicServiceImpl - doTime:81 sql:select * from dim.dim_index
2018-12-27 15:52:09.753 [http-nio-8500-exec-4] INFO  c.d.c.s.CboardPublicServiceImpl - doTime:80 sql:select * from dim.dim_index
2018-12-27 15:54:18.662 [http-nio-8500-exec-6] INFO  o.s.w.s.h.SimpleUrlHandlerMapping - Mapped URL path [/**/favicon.ico] onto handler of type [class org.springframework.web.servlet.resource.ResourceHttpRequestHandler]
2018-12-27 15:54:18.758 [http-nio-8500-exec-6] INFO  c.d.c.s.CboardPublicServiceImpl - doTime:92 sql:select * from dim.dim_index
2018-12-27 16:01:05.335 [http-nio-8500-exec-8] INFO  o.s.w.s.h.SimpleUrlHandlerMapping - Mapped URL path [/**/favicon.ico] onto handler of type [class org.springframework.web.servlet.resource.ResourceHttpRequestHandler]
2018-12-27 16:01:05.432 [http-nio-8500-exec-8] INFO  c.d.c.s.CboardPublicServiceImpl - doTime:95 sql:select * from dim.dim_index
2018-12-27 16:03:12.684 [http-nio-8500-exec-10] INFO  c.d.c.s.CboardPublicServiceImpl - doTime:177 sql:select * from dim.dim_index
2018-12-27 16:03:45.649 [http-nio-8500-exec-1] INFO  c.d.c.s.CboardPublicServiceImpl - doTime:94 sql:select * from dim.dim_index
2018-12-27 16:04:37.402 [http-nio-8500-exec-4] INFO  c.d.c.s.CboardPublicServiceImpl - doTime:5325 sql:select * from dim.dim_index
2018-12-27 16:08:53.787 [http-nio-8500-exec-6] INFO  o.s.w.s.h.SimpleUrlHandlerMapping - Mapped URL path [/**/favicon.ico] onto handler of type [class org.springframework.web.servlet.resource.ResourceHttpRequestHandler]
2018-12-27 16:08:53.883 [http-nio-8500-exec-6] INFO  c.d.c.s.CboardPublicServiceImpl - doTime:93 sql:select * from dim.dim_index
2018-12-27 16:10:11.889 [http-nio-8500-exec-8] INFO  o.s.w.s.h.SimpleUrlHandlerMapping - Mapped URL path [/**/favicon.ico] onto handler of type [class org.springframework.web.servlet.resource.ResourceHttpRequestHandler]
2018-12-27 16:10:11.973 [http-nio-8500-exec-8] INFO  c.d.c.s.CboardPublicServiceImpl - doTime:81 sql:select * from dim.dim_index
2018-12-27 16:10:28.507 [http-nio-8500-exec-9] INFO  c.d.c.s.CboardPublicServiceImpl - doTime:73 sql:select * from dim.dim_index
2018-12-27 16:10:30.265 [http-nio-8500-exec-10] INFO  c.d.c.s.CboardPublicServiceImpl - doTime:73 sql:select * from dim.dim_index
2018-12-27 16:10:53.636 [http-nio-8500-exec-1] INFO  c.d.c.s.CboardPublicServiceImpl - doTime:76 sql:select * from dim.dim_index
2018-12-27 16:10:55.062 [http-nio-8500-exec-2] INFO  c.d.c.s.CboardPublicServiceImpl - doTime:80 sql:select * from dim.dim_index
2018-12-27 16:10:55.823 [http-nio-8500-exec-3] INFO  c.d.c.s.CboardPublicServiceImpl - doTime:71 sql:select * from dim.dim_index
2018-12-27 16:10:57.394 [http-nio-8500-exec-4] INFO  c.d.c.s.CboardPublicServiceImpl - doTime:74 sql:select * from dim.dim_index
2018-12-27 16:11:17.075 [http-nio-8500-exec-5] INFO  c.d.c.s.CboardPublicServiceImpl - doTime:72 sql:select * from dim.dim_index
2018-12-27 16:11:48.174 [http-nio-8500-exec-6] INFO  c.d.c.s.CboardPublicServiceImpl - doTime:78 sql:select * from dim.dim_index
2018-12-27 16:12:09.180 [main] INFO  c.d.c.CBoardPublicApplication - Starting CBoardPublicApplication on ChenLingu with PID 29296 (D:\CODE\cboard-public\target\classes started by chenlg in D:\CODE\cboard-public)
2018-12-27 16:12:09.184 [main] INFO  c.d.c.CBoardPublicApplication - No active profile set, falling back to default profiles: default
2018-12-27 16:12:09.270 [main] INFO  o.s.b.c.e.AnnotationConfigEmbeddedWebApplicationContext - Refreshing org.springframework.boot.context.embedded.AnnotationConfigEmbeddedWebApplicationContext@6443b128: startup date [Thu Dec 27 16:12:09 CST 2018]; root of context hierarchy
2018-12-27 16:12:09.352 [background-preinit] INFO  o.h.validator.internal.util.Version - HV000001: Hibernate Validator 5.3.4.Final
2018-12-27 16:12:10.969 [main] INFO  o.s.b.c.e.t.TomcatEmbeddedServletContainer - Tomcat initialized with port(s): 8500 (http)
2018-12-27 16:12:10.979 [main] INFO  o.a.catalina.core.StandardService - Starting service Tomcat
2018-12-27 16:12:10.980 [main] INFO  o.a.catalina.core.StandardEngine - Starting Servlet Engine: Apache Tomcat/8.5.11
2018-12-27 16:12:11.135 [localhost-startStop-1] INFO  o.a.c.c.C.[Tomcat].[localhost].[/] - Initializing Spring embedded WebApplicationContext
2018-12-27 16:12:11.135 [localhost-startStop-1] INFO  o.s.web.context.ContextLoader - Root WebApplicationContext: initialization completed in 1865 ms
2018-12-27 16:12:11.314 [localhost-startStop-1] INFO  o.s.b.w.s.ServletRegistrationBean - Mapping servlet: 'dispatcherServlet' to [/]
2018-12-27 16:12:11.319 [localhost-startStop-1] INFO  o.s.b.w.s.FilterRegistrationBean - Mapping filter: 'characterEncodingFilter' to: [/*]
2018-12-27 16:12:11.320 [localhost-startStop-1] INFO  o.s.b.w.s.FilterRegistrationBean - Mapping filter: 'hiddenHttpMethodFilter' to: [/*]
2018-12-27 16:12:11.320 [localhost-startStop-1] INFO  o.s.b.w.s.FilterRegistrationBean - Mapping filter: 'httpPutFormContentFilter' to: [/*]
2018-12-27 16:12:11.320 [localhost-startStop-1] INFO  o.s.b.w.s.FilterRegistrationBean - Mapping filter: 'requestContextFilter' to: [/*]
2018-12-27 16:12:12.065 [main] INFO  o.s.w.s.m.m.a.RequestMappingHandlerMapping - Mapped "{[/public/city],methods=[GET]}" onto public com.dachen.cboardpublic.util.JSONMessage com.dachen.cboardpublic.controller.CboardPublicController.userproFileCity()
2018-12-27 16:12:12.068 [main] INFO  o.s.w.s.m.m.a.RequestMappingHandlerMapping - Mapped "{[/test/testSwagger/{id}],methods=[GET]}" onto public com.dachen.cboardpublic.util.JSONMessage com.dachen.cboardpublic.controller.TestController.testSwagger(java.lang.String)
2018-12-27 16:12:12.073 [main] INFO  o.s.w.s.m.m.a.RequestMappingHandlerMapping - Mapped "{[/swagger-resources/configuration/ui]}" onto public org.springframework.http.ResponseEntity<springfox.documentation.swagger.web.UiConfiguration> springfox.documentation.swagger.web.ApiResourceController.uiConfiguration()
2018-12-27 16:12:12.074 [main] INFO  o.s.w.s.m.m.a.RequestMappingHandlerMapping - Mapped "{[/swagger-resources]}" onto public org.springframework.http.ResponseEntity<java.util.List<springfox.documentation.swagger.web.SwaggerResource>> springfox.documentation.swagger.web.ApiResourceController.swaggerResources()
2018-12-27 16:12:12.075 [main] INFO  o.s.w.s.m.m.a.RequestMappingHandlerMapping - Mapped "{[/swagger-resources/configuration/security]}" onto public org.springframework.http.ResponseEntity<springfox.documentation.swagger.web.SecurityConfiguration> springfox.documentation.swagger.web.ApiResourceController.securityConfiguration()
2018-12-27 16:12:12.078 [main] INFO  o.s.w.s.m.m.a.RequestMappingHandlerMapping - Mapped "{[/error]}" onto public org.springframework.http.ResponseEntity<java.util.Map<java.lang.String, java.lang.Object>> org.springframework.boot.autoconfigure.web.BasicErrorController.error(javax.servlet.http.HttpServletRequest)
2018-12-27 16:12:12.079 [main] INFO  o.s.w.s.m.m.a.RequestMappingHandlerMapping - Mapped "{[/error],produces=[text/html]}" onto public org.springframework.web.servlet.ModelAndView org.springframework.boot.autoconfigure.web.BasicErrorController.errorHtml(javax.servlet.http.HttpServletRequest,javax.servlet.http.HttpServletResponse)
2018-12-27 16:12:12.334 [main] INFO  o.s.w.s.m.m.a.RequestMappingHandlerAdapter - Looking for @ControllerAdvice: org.springframework.boot.context.embedded.AnnotationConfigEmbeddedWebApplicationContext@6443b128: startup date [Thu Dec 27 16:12:09 CST 2018]; root of context hierarchy
2018-12-27 16:12:12.415 [main] INFO  o.s.w.s.h.SimpleUrlHandlerMapping - Mapped URL path [/webjars/**] onto handler of type [class org.springframework.web.servlet.resource.ResourceHttpRequestHandler]
2018-12-27 16:12:12.415 [main] INFO  o.s.w.s.h.SimpleUrlHandlerMapping - Mapped URL path [/**] onto handler of type [class org.springframework.web.servlet.resource.ResourceHttpRequestHandler]
2018-12-27 16:12:12.439 [main] INFO  o.s.w.s.m.m.a.ExceptionHandlerExceptionResolver - Detected @ExceptionHandler methods in exceptionHandlerAdvice
2018-12-27 16:12:12.468 [main] INFO  o.s.w.s.h.SimpleUrlHandlerMapping - Mapped URL path [/**/favicon.ico] onto handler of type [class org.springframework.web.servlet.resource.ResourceHttpRequestHandler]
2018-12-27 16:12:12.780 [main] INFO  o.s.j.e.a.AnnotationMBeanExporter - Registering beans for JMX exposure on startup
2018-12-27 16:12:12.792 [main] INFO  o.s.c.s.DefaultLifecycleProcessor - Starting beans in phase 2147483647
2018-12-27 16:12:13.057 [main] INFO  o.a.coyote.http11.Http11NioProtocol - Initializing ProtocolHandler ["http-nio-8500"]
2018-12-27 16:12:13.066 [main] INFO  o.a.coyote.http11.Http11NioProtocol - Starting ProtocolHandler [http-nio-8500]
2018-12-27 16:12:13.243 [main] INFO  o.a.tomcat.util.net.NioSelectorPool - Using a shared selector for servlet write/read
2018-12-27 16:12:13.267 [main] INFO  o.s.b.c.e.t.TomcatEmbeddedServletContainer - Tomcat started on port(s): 8500 (http)
2018-12-27 16:12:13.275 [main] INFO  c.d.c.CBoardPublicApplication - Started CBoardPublicApplication in 4.47 seconds (JVM running for 9.469)
2018-12-27 16:12:17.860 [http-nio-8500-exec-1] INFO  o.a.c.c.C.[Tomcat].[localhost].[/] - Initializing Spring FrameworkServlet 'dispatcherServlet'
2018-12-27 16:12:17.861 [http-nio-8500-exec-1] INFO  o.s.web.servlet.DispatcherServlet - FrameworkServlet 'dispatcherServlet': initialization started
2018-12-27 16:12:17.883 [http-nio-8500-exec-1] INFO  o.s.web.servlet.DispatcherServlet - FrameworkServlet 'dispatcherServlet': initialization completed in 22 ms
2018-12-27 16:12:18.324 [http-nio-8500-exec-1] INFO  c.d.c.s.CboardPublicServiceImpl - doTime:412 sql:select * from dim.dim_index
2018-12-27 16:12:33.698 [http-nio-8500-exec-2] INFO  c.d.c.s.CboardPublicServiceImpl - doTime:74 sql:select * from dim.dim_index
2018-12-27 16:13:50.027 [main] INFO  c.d.c.CBoardPublicApplication - Starting CBoardPublicApplication on ChenLingu with PID 30176 (D:\CODE\cboard-public\target\classes started by chenlg in D:\CODE\cboard-public)
2018-12-27 16:13:50.033 [main] INFO  c.d.c.CBoardPublicApplication - No active profile set, falling back to default profiles: default
2018-12-27 16:13:50.190 [main] INFO  o.s.b.c.e.AnnotationConfigEmbeddedWebApplicationContext - Refreshing org.springframework.boot.context.embedded.AnnotationConfigEmbeddedWebApplicationContext@4303b7f0: startup date [Thu Dec 27 16:13:50 CST 2018]; root of context hierarchy
2018-12-27 16:13:50.349 [background-preinit] INFO  o.h.validator.internal.util.Version - HV000001: Hibernate Validator 5.3.4.Final
2018-12-27 16:13:52.042 [main] INFO  o.s.b.c.e.t.TomcatEmbeddedServletContainer - Tomcat initialized with port(s): 8500 (http)
2018-12-27 16:13:52.053 [main] INFO  o.a.catalina.core.StandardService - Starting service Tomcat
2018-12-27 16:13:52.054 [main] INFO  o.a.catalina.core.StandardEngine - Starting Servlet Engine: Apache Tomcat/8.5.11
2018-12-27 16:13:52.203 [localhost-startStop-1] INFO  o.a.c.c.C.[Tomcat].[localhost].[/] - Initializing Spring embedded WebApplicationContext
2018-12-27 16:13:52.204 [localhost-startStop-1] INFO  o.s.web.context.ContextLoader - Root WebApplicationContext: initialization completed in 2015 ms
2018-12-27 16:13:52.365 [localhost-startStop-1] INFO  o.s.b.w.s.ServletRegistrationBean - Mapping servlet: 'dispatcherServlet' to [/]
2018-12-27 16:13:52.370 [localhost-startStop-1] INFO  o.s.b.w.s.FilterRegistrationBean - Mapping filter: 'characterEncodingFilter' to: [/*]
2018-12-27 16:13:52.371 [localhost-startStop-1] INFO  o.s.b.w.s.FilterRegistrationBean - Mapping filter: 'hiddenHttpMethodFilter' to: [/*]
2018-12-27 16:13:52.371 [localhost-startStop-1] INFO  o.s.b.w.s.FilterRegistrationBean - Mapping filter: 'httpPutFormContentFilter' to: [/*]
2018-12-27 16:13:52.371 [localhost-startStop-1] INFO  o.s.b.w.s.FilterRegistrationBean - Mapping filter: 'requestContextFilter' to: [/*]
2018-12-27 16:13:53.111 [main] INFO  o.s.w.s.m.m.a.RequestMappingHandlerMapping - Mapped "{[/public/city],methods=[GET]}" onto public com.dachen.cboardpublic.util.JSONMessage com.dachen.cboardpublic.controller.CboardPublicController.userproFileCity()
2018-12-27 16:13:53.115 [main] INFO  o.s.w.s.m.m.a.RequestMappingHandlerMapping - Mapped "{[/test/testSwagger/{id}],methods=[GET]}" onto public com.dachen.cboardpublic.util.JSONMessage com.dachen.cboardpublic.controller.TestController.testSwagger(java.lang.String)
2018-12-27 16:13:53.119 [main] INFO  o.s.w.s.m.m.a.RequestMappingHandlerMapping - Mapped "{[/swagger-resources/configuration/security]}" onto public org.springframework.http.ResponseEntity<springfox.documentation.swagger.web.SecurityConfiguration> springfox.documentation.swagger.web.ApiResourceController.securityConfiguration()
2018-12-27 16:13:53.120 [main] INFO  o.s.w.s.m.m.a.RequestMappingHandlerMapping - Mapped "{[/swagger-resources]}" onto public org.springframework.http.ResponseEntity<java.util.List<springfox.documentation.swagger.web.SwaggerResource>> springfox.documentation.swagger.web.ApiResourceController.swaggerResources()
2018-12-27 16:13:53.120 [main] INFO  o.s.w.s.m.m.a.RequestMappingHandlerMapping - Mapped "{[/swagger-resources/configuration/ui]}" onto public org.springframework.http.ResponseEntity<springfox.documentation.swagger.web.UiConfiguration> springfox.documentation.swagger.web.ApiResourceController.uiConfiguration()
2018-12-27 16:13:53.123 [main] INFO  o.s.w.s.m.m.a.RequestMappingHandlerMapping - Mapped "{[/error]}" onto public org.springframework.http.ResponseEntity<java.util.Map<java.lang.String, java.lang.Object>> org.springframework.boot.autoconfigure.web.BasicErrorController.error(javax.servlet.http.HttpServletRequest)
2018-12-27 16:13:53.123 [main] INFO  o.s.w.s.m.m.a.RequestMappingHandlerMapping - Mapped "{[/error],produces=[text/html]}" onto public org.springframework.web.servlet.ModelAndView org.springframework.boot.autoconfigure.web.BasicErrorController.errorHtml(javax.servlet.http.HttpServletRequest,javax.servlet.http.HttpServletResponse)
2018-12-27 16:13:53.396 [main] INFO  o.s.w.s.m.m.a.RequestMappingHandlerAdapter - Looking for @ControllerAdvice: org.springframework.boot.context.embedded.AnnotationConfigEmbeddedWebApplicationContext@4303b7f0: startup date [Thu Dec 27 16:13:50 CST 2018]; root of context hierarchy
2018-12-27 16:13:53.474 [main] INFO  o.s.w.s.h.SimpleUrlHandlerMapping - Mapped URL path [/webjars/**] onto handler of type [class org.springframework.web.servlet.resource.ResourceHttpRequestHandler]
2018-12-27 16:13:53.474 [main] INFO  o.s.w.s.h.SimpleUrlHandlerMapping - Mapped URL path [/**] onto handler of type [class org.springframework.web.servlet.resource.ResourceHttpRequestHandler]
2018-12-27 16:13:53.495 [main] INFO  o.s.w.s.m.m.a.ExceptionHandlerExceptionResolver - Detected @ExceptionHandler methods in exceptionHandlerAdvice
2018-12-27 16:13:53.524 [main] INFO  o.s.w.s.h.SimpleUrlHandlerMapping - Mapped URL path [/**/favicon.ico] onto handler of type [class org.springframework.web.servlet.resource.ResourceHttpRequestHandler]
2018-12-27 16:13:53.813 [main] INFO  o.s.j.e.a.AnnotationMBeanExporter - Registering beans for JMX exposure on startup
2018-12-27 16:13:53.824 [main] INFO  o.s.c.s.DefaultLifecycleProcessor - Starting beans in phase 2147483647
2018-12-27 16:13:54.091 [main] INFO  o.a.coyote.http11.Http11NioProtocol - Initializing ProtocolHandler ["http-nio-8500"]
2018-12-27 16:13:54.100 [main] INFO  o.a.coyote.http11.Http11NioProtocol - Starting ProtocolHandler [http-nio-8500]
2018-12-27 16:13:54.276 [main] INFO  o.a.tomcat.util.net.NioSelectorPool - Using a shared selector for servlet write/read
2018-12-27 16:13:54.296 [main] INFO  o.s.b.c.e.t.TomcatEmbeddedServletContainer - Tomcat started on port(s): 8500 (http)
2018-12-27 16:13:54.305 [main] INFO  c.d.c.CBoardPublicApplication - Started CBoardPublicApplication in 4.715 seconds (JVM running for 10.045)
2018-12-27 16:13:59.360 [http-nio-8500-exec-1] INFO  o.a.c.c.C.[Tomcat].[localhost].[/] - Initializing Spring FrameworkServlet 'dispatcherServlet'
2018-12-27 16:13:59.360 [http-nio-8500-exec-1] INFO  o.s.web.servlet.DispatcherServlet - FrameworkServlet 'dispatcherServlet': initialization started
2018-12-27 16:13:59.380 [http-nio-8500-exec-1] INFO  o.s.web.servlet.DispatcherServlet - FrameworkServlet 'dispatcherServlet': initialization completed in 19 ms
2018-12-27 16:13:59.845 [http-nio-8500-exec-1] INFO  c.d.c.s.CboardPublicServiceImpl - doTime:434 sql:select * from dim.dim_index
2018-12-27 16:14:05.291 [http-nio-8500-exec-2] INFO  c.d.c.s.CboardPublicServiceImpl - doTime:75 sql:select * from dim.dim_index
2018-12-27 16:15:04.143 [http-nio-8500-exec-3] INFO  c.d.c.s.CboardPublicServiceImpl - doTime:82 sql:select * from dim.dim_index
2018-12-27 16:18:26.019 [main] INFO  c.d.c.CBoardPublicApplication - Starting CBoardPublicApplication on ChenLingu with PID 30060 (D:\CODE\cboard-public\target\classes started by chenlg in D:\CODE\cboard-public)
2018-12-27 16:18:26.023 [main] INFO  c.d.c.CBoardPublicApplication - No active profile set, falling back to default profiles: default
2018-12-27 16:18:26.108 [main] INFO  o.s.b.c.e.AnnotationConfigEmbeddedWebApplicationContext - Refreshing org.springframework.boot.context.embedded.AnnotationConfigEmbeddedWebApplicationContext@6a714237: startup date [Thu Dec 27 16:18:26 CST 2018]; root of context hierarchy
2018-12-27 16:18:26.186 [background-preinit] INFO  o.h.validator.internal.util.Version - HV000001: Hibernate Validator 5.3.4.Final
2018-12-27 16:18:27.861 [main] INFO  o.s.b.c.e.t.TomcatEmbeddedServletContainer - Tomcat initialized with port(s): 8500 (http)
2018-12-27 16:18:27.871 [main] INFO  o.a.catalina.core.StandardService - Starting service Tomcat
2018-12-27 16:18:27.872 [main] INFO  o.a.catalina.core.StandardEngine - Starting Servlet Engine: Apache Tomcat/8.5.11
2018-12-27 16:18:28.026 [localhost-startStop-1] INFO  o.a.c.c.C.[Tomcat].[localhost].[/] - Initializing Spring embedded WebApplicationContext
2018-12-27 16:18:28.026 [localhost-startStop-1] INFO  o.s.web.context.ContextLoader - Root WebApplicationContext: initialization completed in 1918 ms
2018-12-27 16:18:28.191 [localhost-startStop-1] INFO  o.s.b.w.s.ServletRegistrationBean - Mapping servlet: 'dispatcherServlet' to [/]
2018-12-27 16:18:28.196 [localhost-startStop-1] INFO  o.s.b.w.s.FilterRegistrationBean - Mapping filter: 'characterEncodingFilter' to: [/*]
2018-12-27 16:18:28.196 [localhost-startStop-1] INFO  o.s.b.w.s.FilterRegistrationBean - Mapping filter: 'hiddenHttpMethodFilter' to: [/*]
2018-12-27 16:18:28.197 [localhost-startStop-1] INFO  o.s.b.w.s.FilterRegistrationBean - Mapping filter: 'httpPutFormContentFilter' to: [/*]
2018-12-27 16:18:28.197 [localhost-startStop-1] INFO  o.s.b.w.s.FilterRegistrationBean - Mapping filter: 'requestContextFilter' to: [/*]
2018-12-27 16:18:28.949 [main] INFO  o.s.w.s.m.m.a.RequestMappingHandlerMapping - Mapped "{[/public/city],methods=[GET]}" onto public com.dachen.cboardpublic.util.JSONMessage com.dachen.cboardpublic.controller.CboardPublicController.userproFileCity()
2018-12-27 16:18:28.952 [main] INFO  o.s.w.s.m.m.a.RequestMappingHandlerMapping - Mapped "{[/test/testSwagger/{id}],methods=[GET]}" onto public com.dachen.cboardpublic.util.JSONMessage com.dachen.cboardpublic.controller.TestController.testSwagger(java.lang.String)
2018-12-27 16:18:28.956 [main] INFO  o.s.w.s.m.m.a.RequestMappingHandlerMapping - Mapped "{[/swagger-resources/configuration/security]}" onto public org.springframework.http.ResponseEntity<springfox.documentation.swagger.web.SecurityConfiguration> springfox.documentation.swagger.web.ApiResourceController.securityConfiguration()
2018-12-27 16:18:28.957 [main] INFO  o.s.w.s.m.m.a.RequestMappingHandlerMapping - Mapped "{[/swagger-resources]}" onto public org.springframework.http.ResponseEntity<java.util.List<springfox.documentation.swagger.web.SwaggerResource>> springfox.documentation.swagger.web.ApiResourceController.swaggerResources()
2018-12-27 16:18:28.957 [main] INFO  o.s.w.s.m.m.a.RequestMappingHandlerMapping - Mapped "{[/swagger-resources/configuration/ui]}" onto public org.springframework.http.ResponseEntity<springfox.documentation.swagger.web.UiConfiguration> springfox.documentation.swagger.web.ApiResourceController.uiConfiguration()
2018-12-27 16:18:28.960 [main] INFO  o.s.w.s.m.m.a.RequestMappingHandlerMapping - Mapped "{[/error]}" onto public org.springframework.http.ResponseEntity<java.util.Map<java.lang.String, java.lang.Object>> org.springframework.boot.autoconfigure.web.BasicErrorController.error(javax.servlet.http.HttpServletRequest)
2018-12-27 16:18:28.961 [main] INFO  o.s.w.s.m.m.a.RequestMappingHandlerMapping - Mapped "{[/error],produces=[text/html]}" onto public org.springframework.web.servlet.ModelAndView org.springframework.boot.autoconfigure.web.BasicErrorController.errorHtml(javax.servlet.http.HttpServletRequest,javax.servlet.http.HttpServletResponse)
2018-12-27 16:18:29.237 [main] INFO  o.s.w.s.m.m.a.RequestMappingHandlerAdapter - Looking for @ControllerAdvice: org.springframework.boot.context.embedded.AnnotationConfigEmbeddedWebApplicationContext@6a714237: startup date [Thu Dec 27 16:18:26 CST 2018]; root of context hierarchy
2018-12-27 16:18:29.312 [main] INFO  o.s.w.s.h.SimpleUrlHandlerMapping - Mapped URL path [/webjars/**] onto handler of type [class org.springframework.web.servlet.resource.ResourceHttpRequestHandler]
2018-12-27 16:18:29.312 [main] INFO  o.s.w.s.h.SimpleUrlHandlerMapping - Mapped URL path [/**] onto handler of type [class org.springframework.web.servlet.resource.ResourceHttpRequestHandler]
2018-12-27 16:18:29.335 [main] INFO  o.s.w.s.m.m.a.ExceptionHandlerExceptionResolver - Detected @ExceptionHandler methods in exceptionHandlerAdvice
2018-12-27 16:18:29.363 [main] INFO  o.s.w.s.h.SimpleUrlHandlerMapping - Mapped URL path [/**/favicon.ico] onto handler of type [class org.springframework.web.servlet.resource.ResourceHttpRequestHandler]
2018-12-27 16:18:29.675 [main] INFO  o.s.j.e.a.AnnotationMBeanExporter - Registering beans for JMX exposure on startup
2018-12-27 16:18:29.687 [main] INFO  o.s.c.s.DefaultLifecycleProcessor - Starting beans in phase 2147483647
2018-12-27 16:18:29.982 [main] INFO  o.a.coyote.http11.Http11NioProtocol - Initializing ProtocolHandler ["http-nio-8500"]
2018-12-27 16:18:29.991 [main] INFO  o.a.coyote.http11.Http11NioProtocol - Starting ProtocolHandler [http-nio-8500]
2018-12-27 16:18:30.161 [main] INFO  o.a.tomcat.util.net.NioSelectorPool - Using a shared selector for servlet write/read
2018-12-27 16:18:30.181 [main] INFO  o.s.b.c.e.t.TomcatEmbeddedServletContainer - Tomcat started on port(s): 8500 (http)
2018-12-27 16:18:30.191 [main] INFO  c.d.c.CBoardPublicApplication - Started CBoardPublicApplication in 4.524 seconds (JVM running for 9.252)
2018-12-27 16:22:31.250 [http-nio-8500-exec-1] INFO  o.a.c.c.C.[Tomcat].[localhost].[/] - Initializing Spring FrameworkServlet 'dispatcherServlet'
2018-12-27 16:22:31.250 [http-nio-8500-exec-1] INFO  o.s.web.servlet.DispatcherServlet - FrameworkServlet 'dispatcherServlet': initialization started
2018-12-27 16:22:31.279 [http-nio-8500-exec-1] INFO  o.s.web.servlet.DispatcherServlet - FrameworkServlet 'dispatcherServlet': initialization completed in 28 ms
2018-12-27 16:22:31.303 [http-nio-8500-exec-1] INFO  o.s.w.s.h.SimpleUrlHandlerMapping - Mapped URL path [/**/favicon.ico] onto handler of type [class org.springframework.web.servlet.resource.ResourceHttpRequestHandler]
2018-12-27 16:22:31.910 [http-nio-8500-exec-1] INFO  c.d.c.s.CboardPublicServiceImpl - doTime:587 sql:select * from dim.dim_index
2018-12-27 16:22:46.127 [main] INFO  c.d.c.CBoardPublicApplication - Starting CBoardPublicApplication on ChenLingu with PID 31460 (D:\CODE\cboard-public\target\classes started by chenlg in D:\CODE\cboard-public)
2018-12-27 16:22:46.131 [main] INFO  c.d.c.CBoardPublicApplication - No active profile set, falling back to default profiles: default
2018-12-27 16:22:46.208 [main] INFO  o.s.b.c.e.AnnotationConfigEmbeddedWebApplicationContext - Refreshing org.springframework.boot.context.embedded.AnnotationConfigEmbeddedWebApplicationContext@a0a9fa5: startup date [Thu Dec 27 16:22:46 CST 2018]; root of context hierarchy
2018-12-27 16:22:46.299 [background-preinit] INFO  o.h.validator.internal.util.Version - HV000001: Hibernate Validator 5.3.4.Final
2018-12-27 16:22:47.901 [main] INFO  o.s.b.c.e.t.TomcatEmbeddedServletContainer - Tomcat initialized with port(s): 8500 (http)
2018-12-27 16:22:47.911 [main] INFO  o.a.catalina.core.StandardService - Starting service Tomcat
2018-12-27 16:22:47.912 [main] INFO  o.a.catalina.core.StandardEngine - Starting Servlet Engine: Apache Tomcat/8.5.11
2018-12-27 16:22:48.077 [localhost-startStop-1] INFO  o.a.c.c.C.[Tomcat].[localhost].[/] - Initializing Spring embedded WebApplicationContext
2018-12-27 16:22:48.078 [localhost-startStop-1] INFO  o.s.web.context.ContextLoader - Root WebApplicationContext: initialization completed in 1870 ms
2018-12-27 16:22:48.244 [localhost-startStop-1] INFO  o.s.b.w.s.ServletRegistrationBean - Mapping servlet: 'dispatcherServlet' to [/]
2018-12-27 16:22:48.249 [localhost-startStop-1] INFO  o.s.b.w.s.FilterRegistrationBean - Mapping filter: 'characterEncodingFilter' to: [/*]
2018-12-27 16:22:48.249 [localhost-startStop-1] INFO  o.s.b.w.s.FilterRegistrationBean - Mapping filter: 'hiddenHttpMethodFilter' to: [/*]
2018-12-27 16:22:48.249 [localhost-startStop-1] INFO  o.s.b.w.s.FilterRegistrationBean - Mapping filter: 'httpPutFormContentFilter' to: [/*]
2018-12-27 16:22:48.249 [localhost-startStop-1] INFO  o.s.b.w.s.FilterRegistrationBean - Mapping filter: 'requestContextFilter' to: [/*]
2018-12-27 16:22:48.996 [main] INFO  o.s.w.s.m.m.a.RequestMappingHandlerMapping - Mapped "{[/public/city],methods=[GET]}" onto public com.dachen.cboardpublic.util.JSONMessage com.dachen.cboardpublic.controller.CboardPublicController.userproFileCity()
2018-12-27 16:22:49.000 [main] INFO  o.s.w.s.m.m.a.RequestMappingHandlerMapping - Mapped "{[/test/testSwagger/{id}],methods=[GET]}" onto public com.dachen.cboardpublic.util.JSONMessage com.dachen.cboardpublic.controller.TestController.testSwagger(java.lang.String)
2018-12-27 16:22:49.004 [main] INFO  o.s.w.s.m.m.a.RequestMappingHandlerMapping - Mapped "{[/swagger-resources/configuration/security]}" onto public org.springframework.http.ResponseEntity<springfox.documentation.swagger.web.SecurityConfiguration> springfox.documentation.swagger.web.ApiResourceController.securityConfiguration()
2018-12-27 16:22:49.005 [main] INFO  o.s.w.s.m.m.a.RequestMappingHandlerMapping - Mapped "{[/swagger-resources]}" onto public org.springframework.http.ResponseEntity<java.util.List<springfox.documentation.swagger.web.SwaggerResource>> springfox.documentation.swagger.web.ApiResourceController.swaggerResources()
2018-12-27 16:22:49.005 [main] INFO  o.s.w.s.m.m.a.RequestMappingHandlerMapping - Mapped "{[/swagger-resources/configuration/ui]}" onto public org.springframework.http.ResponseEntity<springfox.documentation.swagger.web.UiConfiguration> springfox.documentation.swagger.web.ApiResourceController.uiConfiguration()
2018-12-27 16:22:49.008 [main] INFO  o.s.w.s.m.m.a.RequestMappingHandlerMapping - Mapped "{[/error]}" onto public org.springframework.http.ResponseEntity<java.util.Map<java.lang.String, java.lang.Object>> org.springframework.boot.autoconfigure.web.BasicErrorController.error(javax.servlet.http.HttpServletRequest)
2018-12-27 16:22:49.008 [main] INFO  o.s.w.s.m.m.a.RequestMappingHandlerMapping - Mapped "{[/error],produces=[text/html]}" onto public org.springframework.web.servlet.ModelAndView org.springframework.boot.autoconfigure.web.BasicErrorController.errorHtml(javax.servlet.http.HttpServletRequest,javax.servlet.http.HttpServletResponse)
2018-12-27 16:22:49.291 [main] INFO  o.s.w.s.m.m.a.RequestMappingHandlerAdapter - Looking for @ControllerAdvice: org.springframework.boot.context.embedded.AnnotationConfigEmbeddedWebApplicationContext@a0a9fa5: startup date [Thu Dec 27 16:22:46 CST 2018]; root of context hierarchy
2018-12-27 16:22:49.367 [main] INFO  o.s.w.s.h.SimpleUrlHandlerMapping - Mapped URL path [/webjars/**] onto handler of type [class org.springframework.web.servlet.resource.ResourceHttpRequestHandler]
2018-12-27 16:22:49.367 [main] INFO  o.s.w.s.h.SimpleUrlHandlerMapping - Mapped URL path [/**] onto handler of type [class org.springframework.web.servlet.resource.ResourceHttpRequestHandler]
2018-12-27 16:22:49.389 [main] INFO  o.s.w.s.m.m.a.ExceptionHandlerExceptionResolver - Detected @ExceptionHandler methods in exceptionHandlerAdvice
2018-12-27 16:22:49.416 [main] INFO  o.s.w.s.h.SimpleUrlHandlerMapping - Mapped URL path [/**/favicon.ico] onto handler of type [class org.springframework.web.servlet.resource.ResourceHttpRequestHandler]
2018-12-27 16:22:49.935 [main] INFO  o.s.j.e.a.AnnotationMBeanExporter - Registering beans for JMX exposure on startup
2018-12-27 16:22:49.947 [main] INFO  o.s.c.s.DefaultLifecycleProcessor - Starting beans in phase 2147483647
2018-12-27 16:22:50.223 [main] INFO  o.a.coyote.http11.Http11NioProtocol - Initializing ProtocolHandler ["http-nio-8500"]
2018-12-27 16:22:50.232 [main] INFO  o.a.coyote.http11.Http11NioProtocol - Starting ProtocolHandler [http-nio-8500]
2018-12-27 16:22:50.413 [main] INFO  o.a.tomcat.util.net.NioSelectorPool - Using a shared selector for servlet write/read
2018-12-27 16:22:50.435 [main] INFO  o.s.b.c.e.t.TomcatEmbeddedServletContainer - Tomcat started on port(s): 8500 (http)
2018-12-27 16:22:50.443 [main] INFO  c.d.c.CBoardPublicApplication - Started CBoardPublicApplication in 4.69 seconds (JVM running for 10.172)
2018-12-27 16:22:54.782 [http-nio-8500-exec-1] INFO  o.a.c.c.C.[Tomcat].[localhost].[/] - Initializing Spring FrameworkServlet 'dispatcherServlet'
2018-12-27 16:22:54.782 [http-nio-8500-exec-1] INFO  o.s.web.servlet.DispatcherServlet - FrameworkServlet 'dispatcherServlet': initialization started
2018-12-27 16:22:54.805 [http-nio-8500-exec-1] INFO  o.s.web.servlet.DispatcherServlet - FrameworkServlet 'dispatcherServlet': initialization completed in 23 ms
2018-12-27 16:22:55.247 [http-nio-8500-exec-1] INFO  c.d.c.s.CboardPublicServiceImpl - doTime:409 sql:select * from dim.dim_index
2018-12-27 16:23:32.503 [http-nio-8500-exec-2] INFO  c.d.c.s.CboardPublicServiceImpl - doTime:77 sql:select * from dim.dim_index
2018-12-27 18:06:33.454 [http-nio-8500-exec-4] INFO  o.s.w.s.h.SimpleUrlHandlerMapping - Mapped URL path [/**/favicon.ico] onto handler of type [class org.springframework.web.servlet.resource.ResourceHttpRequestHandler]
2018-12-27 18:06:33.460 [http-nio-8500-exec-4] INFO  o.s.w.s.m.m.a.RequestMappingHandlerMapping - Mapped "{[/public/module],methods=[GET]}" onto public com.dachen.cboardpublic.util.JSONMessage com.dachen.cboardpublic.controller.CboardPublicController.indexList()
2018-12-27 18:06:33.461 [http-nio-8500-exec-4] INFO  o.s.w.s.m.m.a.RequestMappingHandlerMapping - Mapped "{[/public/dimension],methods=[POST]}" onto public com.dachen.cboardpublic.util.JSONMessage com.dachen.cboardpublic.controller.CboardPublicController.dimensionList(java.lang.String)
2018-12-27 18:06:33.463 [http-nio-8500-exec-4] INFO  o.s.w.s.m.m.a.RequestMappingHandlerMapping - Mapped "{[/test/testSwagger/{id}],methods=[GET]}" onto public com.dachen.cboardpublic.util.JSONMessage com.dachen.cboardpublic.controller.TestController.testSwagger(java.lang.String)
2018-12-27 18:06:33.493 [http-nio-8500-exec-4] INFO  o.s.w.s.m.m.a.RequestMappingHandlerMapping - Mapped "{[/swagger-resources/configuration/security]}" onto public org.springframework.http.ResponseEntity<springfox.documentation.swagger.web.SecurityConfiguration> springfox.documentation.swagger.web.ApiResourceController.securityConfiguration()
2018-12-27 18:06:33.493 [http-nio-8500-exec-4] INFO  o.s.w.s.m.m.a.RequestMappingHandlerMapping - Mapped "{[/swagger-resources]}" onto public org.springframework.http.ResponseEntity<java.util.List<springfox.documentation.swagger.web.SwaggerResource>> springfox.documentation.swagger.web.ApiResourceController.swaggerResources()
2018-12-27 18:06:33.494 [http-nio-8500-exec-4] INFO  o.s.w.s.m.m.a.RequestMappingHandlerMapping - Mapped "{[/swagger-resources/configuration/ui]}" onto public org.springframework.http.ResponseEntity<springfox.documentation.swagger.web.UiConfiguration> springfox.documentation.swagger.web.ApiResourceController.uiConfiguration()
2018-12-27 18:06:33.500 [http-nio-8500-exec-4] INFO  o.s.w.s.m.m.a.RequestMappingHandlerMapping - Mapped "{[/error]}" onto public org.springframework.http.ResponseEntity<java.util.Map<java.lang.String, java.lang.Object>> org.springframework.boot.autoconfigure.web.BasicErrorController.error(javax.servlet.http.HttpServletRequest)
2018-12-27 18:06:33.500 [http-nio-8500-exec-4] INFO  o.s.w.s.m.m.a.RequestMappingHandlerMapping - Mapped "{[/error],produces=[text/html]}" onto public org.springframework.web.servlet.ModelAndView org.springframework.boot.autoconfigure.web.BasicErrorController.errorHtml(javax.servlet.http.HttpServletRequest,javax.servlet.http.HttpServletResponse)
2018-12-27 18:06:33.525 [http-nio-8500-exec-4] WARN  o.s.web.servlet.PageNotFound - Request method 'GET' not supported
2018-12-27 18:06:56.661 [http-nio-8500-exec-5] WARN  o.s.w.s.m.s.DefaultHandlerExceptionResolver - Failed to read HTTP message: org.springframework.http.converter.HttpMessageNotReadableException: Required request body is missing: public com.dachen.cboardpublic.util.JSONMessage com.dachen.cboardpublic.controller.CboardPublicController.dimensionList(java.lang.String)
2018-12-27 18:07:59.583 [http-nio-8500-exec-6] WARN  o.s.w.s.m.s.DefaultHandlerExceptionResolver - Failed to read HTTP message: org.springframework.http.converter.HttpMessageNotReadableException: Could not read document: Unexpected character ('-' (code 45)) in numeric value: expected digit (0-9) to follow minus sign, for valid numeric value
 at [Source: java.io.PushbackInputStream@6d5af5c7; line: 1, column: 3]; nested exception is com.fasterxml.jackson.core.JsonParseException: Unexpected character ('-' (code 45)) in numeric value: expected digit (0-9) to follow minus sign, for valid numeric value
 at [Source: java.io.PushbackInputStream@6d5af5c7; line: 1, column: 3]
2018-12-27 18:08:07.284 [http-nio-8500-exec-7] WARN  o.s.w.s.m.s.DefaultHandlerExceptionResolver - Failed to read HTTP message: org.springframework.http.converter.HttpMessageNotReadableException: Required request body is missing: public com.dachen.cboardpublic.util.JSONMessage com.dachen.cboardpublic.controller.CboardPublicController.dimensionList(java.lang.String)
2018-12-27 18:08:22.695 [http-nio-8500-exec-8] WARN  o.s.w.s.m.s.DefaultHandlerExceptionResolver - Failed to read HTTP message: org.springframework.http.converter.HttpMessageNotReadableException: Required request body is missing: public com.dachen.cboardpublic.util.JSONMessage com.dachen.cboardpublic.controller.CboardPublicController.dimensionList(java.lang.String)
2018-12-27 18:08:32.515 [http-nio-8500-exec-9] WARN  o.s.w.s.m.s.DefaultHandlerExceptionResolver - Failed to read HTTP message: org.springframework.http.converter.HttpMessageNotReadableException: Required request body is missing: public com.dachen.cboardpublic.util.JSONMessage com.dachen.cboardpublic.controller.CboardPublicController.dimensionList(java.lang.String)
2018-12-27 18:09:42.713 [http-nio-8500-exec-10] INFO  o.s.w.s.h.SimpleUrlHandlerMapping - Mapped URL path [/webjars/**] onto handler of type [class org.springframework.web.servlet.resource.ResourceHttpRequestHandler]
2018-12-27 18:09:42.713 [http-nio-8500-exec-10] INFO  o.s.w.s.h.SimpleUrlHandlerMapping - Mapped URL path [/**] onto handler of type [class org.springframework.web.servlet.resource.ResourceHttpRequestHandler]
2018-12-27 18:10:04.887 [http-nio-8500-exec-10] WARN  o.s.w.s.m.s.DefaultHandlerExceptionResolver - Failed to read HTTP message: org.springframework.http.converter.HttpMessageNotReadableException: Could not read document: Can not deserialize instance of java.lang.String out of START_OBJECT token
 at [Source: java.io.PushbackInputStream@4bdcc0c2; line: 1, column: 1]; nested exception is com.fasterxml.jackson.databind.JsonMappingException: Can not deserialize instance of java.lang.String out of START_OBJECT token
 at [Source: java.io.PushbackInputStream@4bdcc0c2; line: 1, column: 1]
2018-12-27 18:10:12.426 [http-nio-8500-exec-1] WARN  o.s.w.s.m.s.DefaultHandlerExceptionResolver - Failed to read HTTP message: org.springframework.http.converter.HttpMessageNotReadableException: Could not read document: Can not deserialize instance of java.lang.String out of START_OBJECT token
 at [Source: java.io.PushbackInputStream@1cf57dd3; line: 1, column: 1]; nested exception is com.fasterxml.jackson.databind.JsonMappingException: Can not deserialize instance of java.lang.String out of START_OBJECT token
 at [Source: java.io.PushbackInputStream@1cf57dd3; line: 1, column: 1]
2018-12-27 18:10:22.657 [http-nio-8500-exec-4] WARN  o.s.w.s.m.s.DefaultHandlerExceptionResolver - Failed to read HTTP message: org.springframework.http.converter.HttpMessageNotReadableException: Could not read document: Unrecognized token 'defualt': was expecting ('true', 'false' or 'null')
 at [Source: java.io.PushbackInputStream@7cb890c5; line: 1, column: 15]; nested exception is com.fasterxml.jackson.core.JsonParseException: Unrecognized token 'defualt': was expecting ('true', 'false' or 'null')
 at [Source: java.io.PushbackInputStream@7cb890c5; line: 1, column: 15]
2018-12-27 18:11:28.870 [http-nio-8500-exec-9] ERROR c.d.c.dao.CboardPublicDaoImpl - getClusterCount ERROR:[Simba][ImpalaJDBCDriver](500051) ERROR processing query/statement. Error Code: 0, SQL state: TStatus(statusCode:ERROR_STATUS, sqlState:HY000, errorMessage:AnalysisException: operands of type STRING and BOOLEAN are not comparable: a.module = TRUE
), Query: select b.id,a.dimension from dim.dim_module a join dim.dim_dimension b on a.dimension=b.dimension where a.module = true.
2018-12-27 18:11:28.872 [http-nio-8500-exec-9] INFO  c.d.c.s.CboardPublicServiceImpl - doTime:244 sql:select b.id,a.dimension from dim.dim_module a join dim.dim_dimension b on a.dimension=b.dimension where a.module = true
2018-12-27 18:12:38.331 [http-nio-8500-exec-6] WARN  o.s.w.s.m.s.DefaultHandlerExceptionResolver - Failed to read HTTP message: org.springframework.http.converter.HttpMessageNotReadableException: Could not read document: Can not deserialize instance of java.lang.String out of START_OBJECT token
 at [Source: java.io.PushbackInputStream@2aa746ae; line: 1, column: 1]; nested exception is com.fasterxml.jackson.databind.JsonMappingException: Can not deserialize instance of java.lang.String out of START_OBJECT token
 at [Source: java.io.PushbackInputStream@2aa746ae; line: 1, column: 1]
2018-12-27 18:13:06.743 [http-nio-8500-exec-5] INFO  o.s.w.s.h.SimpleUrlHandlerMapping - Mapped URL path [/**/favicon.ico] onto handler of type [class org.springframework.web.servlet.resource.ResourceHttpRequestHandler]
2018-12-27 18:13:06.747 [http-nio-8500-exec-5] INFO  o.s.w.s.m.m.a.RequestMappingHandlerMapping - Mapped "{[/public/module],methods=[GET]}" onto public com.dachen.cboardpublic.util.JSONMessage com.dachen.cboardpublic.controller.CboardPublicController.indexList()
2018-12-27 18:13:06.747 [http-nio-8500-exec-5] INFO  o.s.w.s.m.m.a.RequestMappingHandlerMapping - Mapped "{[/public/dimension],methods=[POST]}" onto public com.dachen.cboardpublic.util.JSONMessage com.dachen.cboardpublic.controller.CboardPublicController.dimensionList(java.lang.String)
2018-12-27 18:13:06.750 [http-nio-8500-exec-5] INFO  o.s.w.s.m.m.a.RequestMappingHandlerMapping - Mapped "{[/test/testSwagger/{id}],methods=[GET]}" onto public com.dachen.cboardpublic.util.JSONMessage com.dachen.cboardpublic.controller.TestController.testSwagger(java.lang.String)
2018-12-27 18:13:06.753 [http-nio-8500-exec-5] INFO  o.s.w.s.m.m.a.RequestMappingHandlerMapping - Mapped "{[/swagger-resources/configuration/security]}" onto public org.springframework.http.ResponseEntity<springfox.documentation.swagger.web.SecurityConfiguration> springfox.documentation.swagger.web.ApiResourceController.securityConfiguration()
2018-12-27 18:13:06.753 [http-nio-8500-exec-5] INFO  o.s.w.s.m.m.a.RequestMappingHandlerMapping - Mapped "{[/swagger-resources]}" onto public org.springframework.http.ResponseEntity<java.util.List<springfox.documentation.swagger.web.SwaggerResource>> springfox.documentation.swagger.web.ApiResourceController.swaggerResources()
2018-12-27 18:13:06.753 [http-nio-8500-exec-5] INFO  o.s.w.s.m.m.a.RequestMappingHandlerMapping - Mapped "{[/swagger-resources/configuration/ui]}" onto public org.springframework.http.ResponseEntity<springfox.documentation.swagger.web.UiConfiguration> springfox.documentation.swagger.web.ApiResourceController.uiConfiguration()
2018-12-27 18:13:06.756 [http-nio-8500-exec-5] INFO  o.s.w.s.m.m.a.RequestMappingHandlerMapping - Mapped "{[/error]}" onto public org.springframework.http.ResponseEntity<java.util.Map<java.lang.String, java.lang.Object>> org.springframework.boot.autoconfigure.web.BasicErrorController.error(javax.servlet.http.HttpServletRequest)
2018-12-27 18:13:06.756 [http-nio-8500-exec-5] INFO  o.s.w.s.m.m.a.RequestMappingHandlerMapping - Mapped "{[/error],produces=[text/html]}" onto public org.springframework.web.servlet.ModelAndView org.springframework.boot.autoconfigure.web.BasicErrorController.errorHtml(javax.servlet.http.HttpServletRequest,javax.servlet.http.HttpServletResponse)
2018-12-27 18:14:08.579 [http-nio-8500-exec-4] INFO  o.s.w.s.h.SimpleUrlHandlerMapping - Mapped URL path [/**/favicon.ico] onto handler of type [class org.springframework.web.servlet.resource.ResourceHttpRequestHandler]
2018-12-27 18:14:08.583 [http-nio-8500-exec-4] INFO  o.s.w.s.m.m.a.RequestMappingHandlerMapping - Mapped "{[/public/module],methods=[GET]}" onto public com.dachen.cboardpublic.util.JSONMessage com.dachen.cboardpublic.controller.CboardPublicController.indexList()
2018-12-27 18:14:08.583 [http-nio-8500-exec-4] INFO  o.s.w.s.m.m.a.RequestMappingHandlerMapping - Mapped "{[/public/dimension],methods=[POST]}" onto public com.dachen.cboardpublic.util.JSONMessage com.dachen.cboardpublic.controller.CboardPublicController.dimensionList(java.lang.String)
2018-12-27 18:14:08.583 [http-nio-8500-exec-4] INFO  o.s.w.s.m.m.a.RequestMappingHandlerMapping - Mapped "{[/test/testSwagger/{id}],methods=[GET]}" onto public com.dachen.cboardpublic.util.JSONMessage com.dachen.cboardpublic.controller.TestController.testSwagger(java.lang.String)
2018-12-27 18:14:08.586 [http-nio-8500-exec-4] INFO  o.s.w.s.m.m.a.RequestMappingHandlerMapping - Mapped "{[/swagger-resources/configuration/security]}" onto public org.springframework.http.ResponseEntity<springfox.documentation.swagger.web.SecurityConfiguration> springfox.documentation.swagger.web.ApiResourceController.securityConfiguration()
2018-12-27 18:14:08.586 [http-nio-8500-exec-4] INFO  o.s.w.s.m.m.a.RequestMappingHandlerMapping - Mapped "{[/swagger-resources]}" onto public org.springframework.http.ResponseEntity<java.util.List<springfox.documentation.swagger.web.SwaggerResource>> springfox.documentation.swagger.web.ApiResourceController.swaggerResources()
2018-12-27 18:14:08.587 [http-nio-8500-exec-4] INFO  o.s.w.s.m.m.a.RequestMappingHandlerMapping - Mapped "{[/swagger-resources/configuration/ui]}" onto public org.springframework.http.ResponseEntity<springfox.documentation.swagger.web.UiConfiguration> springfox.documentation.swagger.web.ApiResourceController.uiConfiguration()
2018-12-27 18:14:08.589 [http-nio-8500-exec-4] INFO  o.s.w.s.m.m.a.RequestMappingHandlerMapping - Mapped "{[/error]}" onto public org.springframework.http.ResponseEntity<java.util.Map<java.lang.String, java.lang.Object>> org.springframework.boot.autoconfigure.web.BasicErrorController.error(javax.servlet.http.HttpServletRequest)
2018-12-27 18:14:08.590 [http-nio-8500-exec-4] INFO  o.s.w.s.m.m.a.RequestMappingHandlerMapping - Mapped "{[/error],produces=[text/html]}" onto public org.springframework.web.servlet.ModelAndView org.springframework.boot.autoconfigure.web.BasicErrorController.errorHtml(javax.servlet.http.HttpServletRequest,javax.servlet.http.HttpServletResponse)
2018-12-27 18:14:29.261 [http-nio-8500-exec-7] INFO  o.s.w.s.h.SimpleUrlHandlerMapping - Mapped URL path [/**/favicon.ico] onto handler of type [class org.springframework.web.servlet.resource.ResourceHttpRequestHandler]
2018-12-27 18:14:29.264 [http-nio-8500-exec-7] INFO  o.s.w.s.m.m.a.RequestMappingHandlerMapping - Mapped "{[/public/module],methods=[GET]}" onto public com.dachen.cboardpublic.util.JSONMessage com.dachen.cboardpublic.controller.CboardPublicController.indexList()
2018-12-27 18:14:29.265 [http-nio-8500-exec-7] INFO  o.s.w.s.m.m.a.RequestMappingHandlerMapping - Mapped "{[/public/dimension],methods=[POST]}" onto public com.dachen.cboardpublic.util.JSONMessage com.dachen.cboardpublic.controller.CboardPublicController.dimensionList(java.lang.String)
2018-12-27 18:14:29.265 [http-nio-8500-exec-7] INFO  o.s.w.s.m.m.a.RequestMappingHandlerMapping - Mapped "{[/test/testSwagger/{id}],methods=[GET]}" onto public com.dachen.cboardpublic.util.JSONMessage com.dachen.cboardpublic.controller.TestController.testSwagger(java.lang.String)
2018-12-27 18:14:29.268 [http-nio-8500-exec-7] INFO  o.s.w.s.m.m.a.RequestMappingHandlerMapping - Mapped "{[/swagger-resources/configuration/security]}" onto public org.springframework.http.ResponseEntity<springfox.documentation.swagger.web.SecurityConfiguration> springfox.documentation.swagger.web.ApiResourceController.securityConfiguration()
2018-12-27 18:14:29.268 [http-nio-8500-exec-7] INFO  o.s.w.s.m.m.a.RequestMappingHandlerMapping - Mapped "{[/swagger-resources]}" onto public org.springframework.http.ResponseEntity<java.util.List<springfox.documentation.swagger.web.SwaggerResource>> springfox.documentation.swagger.web.ApiResourceController.swaggerResources()
2018-12-27 18:14:29.268 [http-nio-8500-exec-7] INFO  o.s.w.s.m.m.a.RequestMappingHandlerMapping - Mapped "{[/swagger-resources/configuration/ui]}" onto public org.springframework.http.ResponseEntity<springfox.documentation.swagger.web.UiConfiguration> springfox.documentation.swagger.web.ApiResourceController.uiConfiguration()
2018-12-27 18:14:29.271 [http-nio-8500-exec-7] INFO  o.s.w.s.m.m.a.RequestMappingHandlerMapping - Mapped "{[/error]}" onto public org.springframework.http.ResponseEntity<java.util.Map<java.lang.String, java.lang.Object>> org.springframework.boot.autoconfigure.web.BasicErrorController.error(javax.servlet.http.HttpServletRequest)
2018-12-27 18:14:29.272 [http-nio-8500-exec-7] INFO  o.s.w.s.m.m.a.RequestMappingHandlerMapping - Mapped "{[/error],produces=[text/html]}" onto public org.springframework.web.servlet.ModelAndView org.springframework.boot.autoconfigure.web.BasicErrorController.errorHtml(javax.servlet.http.HttpServletRequest,javax.servlet.http.HttpServletResponse)
2018-12-27 18:14:29.275 [http-nio-8500-exec-7] WARN  o.s.w.s.m.s.DefaultHandlerExceptionResolver - Failed to read HTTP message: org.springframework.http.converter.HttpMessageNotReadableException: Could not read document: Unrecognized token 'default': was expecting ('true', 'false' or 'null')
 at [Source: java.io.PushbackInputStream@2d6a1770; line: 1, column: 15]; nested exception is com.fasterxml.jackson.core.JsonParseException: Unrecognized token 'default': was expecting ('true', 'false' or 'null')
 at [Source: java.io.PushbackInputStream@2d6a1770; line: 1, column: 15]
2018-12-27 18:19:10.323 [http-nio-8500-exec-2] WARN  o.s.w.s.m.s.DefaultHandlerExceptionResolver - Failed to read HTTP message: org.springframework.http.converter.HttpMessageNotReadableException: Could not read document: Can not deserialize instance of java.lang.String out of START_OBJECT token
 at [Source: java.io.PushbackInputStream@69f87a16; line: 1, column: 1]; nested exception is com.fasterxml.jackson.databind.JsonMappingException: Can not deserialize instance of java.lang.String out of START_OBJECT token
 at [Source: java.io.PushbackInputStream@69f87a16; line: 1, column: 1]
2018-12-27 18:19:10.975 [http-nio-8500-exec-3] WARN  o.s.w.s.m.s.DefaultHandlerExceptionResolver - Failed to read HTTP message: org.springframework.http.converter.HttpMessageNotReadableException: Could not read document: Can not deserialize instance of java.lang.String out of START_OBJECT token
 at [Source: java.io.PushbackInputStream@481bba21; line: 1, column: 1]; nested exception is com.fasterxml.jackson.databind.JsonMappingException: Can not deserialize instance of java.lang.String out of START_OBJECT token
 at [Source: java.io.PushbackInputStream@481bba21; line: 1, column: 1]
2018-12-27 18:21:54.064 [http-nio-8500-exec-9] INFO  o.s.w.s.h.SimpleUrlHandlerMapping - Mapped URL path [/**/favicon.ico] onto handler of type [class org.springframework.web.servlet.resource.ResourceHttpRequestHandler]
2018-12-27 18:21:54.067 [http-nio-8500-exec-9] INFO  o.s.w.s.m.m.a.RequestMappingHandlerMapping - Mapped "{[/public/module],methods=[GET]}" onto public com.dachen.cboardpublic.util.JSONMessage com.dachen.cboardpublic.controller.CboardPublicController.indexList()
2018-12-27 18:21:54.068 [http-nio-8500-exec-9] INFO  o.s.w.s.m.m.a.RequestMappingHandlerMapping - Mapped "{[/public/dimension],methods=[POST]}" onto public com.dachen.cboardpublic.util.JSONMessage com.dachen.cboardpublic.controller.CboardPublicController.dimensionList(java.lang.String)
2018-12-27 18:21:54.068 [http-nio-8500-exec-9] INFO  o.s.w.s.m.m.a.RequestMappingHandlerMapping - Mapped "{[/test/testSwagger/{id}],methods=[GET]}" onto public com.dachen.cboardpublic.util.JSONMessage com.dachen.cboardpublic.controller.TestController.testSwagger(java.lang.String)
2018-12-27 18:21:54.071 [http-nio-8500-exec-9] INFO  o.s.w.s.m.m.a.RequestMappingHandlerMapping - Mapped "{[/swagger-resources/configuration/security]}" onto public org.springframework.http.ResponseEntity<springfox.documentation.swagger.web.SecurityConfiguration> springfox.documentation.swagger.web.ApiResourceController.securityConfiguration()
2018-12-27 18:21:54.071 [http-nio-8500-exec-9] INFO  o.s.w.s.m.m.a.RequestMappingHandlerMapping - Mapped "{[/swagger-resources]}" onto public org.springframework.http.ResponseEntity<java.util.List<springfox.documentation.swagger.web.SwaggerResource>> springfox.documentation.swagger.web.ApiResourceController.swaggerResources()
2018-12-27 18:21:54.071 [http-nio-8500-exec-9] INFO  o.s.w.s.m.m.a.RequestMappingHandlerMapping - Mapped "{[/swagger-resources/configuration/ui]}" onto public org.springframework.http.ResponseEntity<springfox.documentation.swagger.web.UiConfiguration> springfox.documentation.swagger.web.ApiResourceController.uiConfiguration()
2018-12-27 18:21:54.074 [http-nio-8500-exec-9] INFO  o.s.w.s.m.m.a.RequestMappingHandlerMapping - Mapped "{[/error]}" onto public org.springframework.http.ResponseEntity<java.util.Map<java.lang.String, java.lang.Object>> org.springframework.boot.autoconfigure.web.BasicErrorController.error(javax.servlet.http.HttpServletRequest)
2018-12-27 18:21:54.074 [http-nio-8500-exec-9] INFO  o.s.w.s.m.m.a.RequestMappingHandlerMapping - Mapped "{[/error],produces=[text/html]}" onto public org.springframework.web.servlet.ModelAndView org.springframework.boot.autoconfigure.web.BasicErrorController.errorHtml(javax.servlet.http.HttpServletRequest,javax.servlet.http.HttpServletResponse)
2018-12-27 18:24:30.712 [http-nio-8500-exec-1] INFO  o.s.w.s.h.SimpleUrlHandlerMapping - Mapped URL path [/webjars/**] onto handler of type [class org.springframework.web.servlet.resource.ResourceHttpRequestHandler]
2018-12-27 18:24:30.712 [http-nio-8500-exec-1] INFO  o.s.w.s.h.SimpleUrlHandlerMapping - Mapped URL path [/**] onto handler of type [class org.springframework.web.servlet.resource.ResourceHttpRequestHandler]
2018-12-27 18:24:49.144 [http-nio-8500-exec-8] ERROR c.d.c.dao.CboardPublicDaoImpl - getClusterCount ERROR:[Simba][ImpalaJDBCDriver](500051) ERROR processing query/statement. Error Code: 0, SQL state: TStatus(statusCode:ERROR_STATUS, sqlState:HY000, errorMessage:AnalysisException: Could not resolve column/field reference: 'default'
), Query: select b.id,a.dimension from dim.dim_module a join dim.dim_dimension b on a.dimension=b.dimension where a.module = default.
2018-12-27 18:24:49.151 [http-nio-8500-exec-8] INFO  c.d.c.s.CboardPublicServiceImpl - doTime:7879 sql:select b.id,a.dimension from dim.dim_module a join dim.dim_dimension b on a.dimension=b.dimension where a.module = default
2018-12-27 18:25:18.585 [http-nio-8500-exec-6] ERROR c.d.c.dao.CboardPublicDaoImpl - getClusterCount ERROR:[Simba][ImpalaJDBCDriver](500051) ERROR processing query/statement. Error Code: 0, SQL state: TStatus(statusCode:ERROR_STATUS, sqlState:HY000, errorMessage:AnalysisException: Could not resolve column/field reference: 'default'
), Query: select b.id,a.dimension from dim.dim_module a join dim.dim_dimension b on a.dimension=b.dimension where a.module = default.
2018-12-27 18:25:26.496 [http-nio-8500-exec-6] INFO  c.d.c.s.CboardPublicServiceImpl - doTime:7952 sql:select b.id,a.dimension from dim.dim_module a join dim.dim_dimension b on a.dimension=b.dimension where a.module = default
2018-12-27 18:25:40.401 [http-nio-8500-exec-10] ERROR c.d.c.dao.CboardPublicDaoImpl - getClusterCount ERROR:[Simba][ImpalaJDBCDriver](500051) ERROR processing query/statement. Error Code: 0, SQL state: TStatus(statusCode:ERROR_STATUS, sqlState:HY000, errorMessage:AnalysisException: Could not resolve column/field reference: 'default'
), Query: select b.id,a.dimension from dim.dim_module a join dim.dim_dimension b on a.dimension=b.dimension where a.module = default.
2018-12-27 18:25:54.305 [http-nio-8500-exec-10] INFO  c.d.c.s.CboardPublicServiceImpl - doTime:13938 sql:select b.id,a.dimension from dim.dim_module a join dim.dim_dimension b on a.dimension=b.dimension where a.module = default
2018-12-27 18:25:59.089 [http-nio-8500-exec-1] INFO  o.s.w.s.h.SimpleUrlHandlerMapping - Mapped URL path [/**/favicon.ico] onto handler of type [class org.springframework.web.servlet.resource.ResourceHttpRequestHandler]
2018-12-27 18:26:04.801 [http-nio-8500-exec-1] INFO  c.d.c.s.CboardPublicServiceImpl - doTime:5680 sql:select b.id,a.dimension from dim.dim_module a join dim.dim_dimension b on a.dimension=b.dimension where a.module = 'default'
2018-12-27 18:27:16.544 [http-nio-8500-exec-4] INFO  c.d.c.s.CboardPublicServiceImpl - doTime:52105 sql:select b.id,a.dimension from dim.dim_module a join dim.dim_dimension b on a.dimension=b.dimension where a.module = 'new'
2018-12-27 18:46:21.241 [http-nio-8500-exec-2] INFO  o.s.w.s.h.SimpleUrlHandlerMapping - Mapped URL path [/**/favicon.ico] onto handler of type [class org.springframework.web.servlet.resource.ResourceHttpRequestHandler]
2018-12-27 18:46:21.245 [http-nio-8500-exec-2] INFO  o.s.w.s.m.m.a.RequestMappingHandlerMapping - Mapped "{[/public/event],methods=[GET]}" onto public com.dachen.cboardpublic.util.JSONMessage com.dachen.cboardpublic.controller.CboardPublicController.eventList()
2018-12-27 18:46:21.245 [http-nio-8500-exec-2] INFO  o.s.w.s.m.m.a.RequestMappingHandlerMapping - Mapped "{[/public/module],methods=[GET]}" onto public com.dachen.cboardpublic.util.JSONMessage com.dachen.cboardpublic.controller.CboardPublicController.indexList()
2018-12-27 18:46:21.245 [http-nio-8500-exec-2] INFO  o.s.w.s.m.m.a.RequestMappingHandlerMapping - Mapped "{[/public/dimension],methods=[POST]}" onto public com.dachen.cboardpublic.util.JSONMessage com.dachen.cboardpublic.controller.CboardPublicController.dimensionList(java.lang.String)
2018-12-27 18:46:21.245 [http-nio-8500-exec-2] INFO  o.s.w.s.m.m.a.RequestMappingHandlerMapping - Mapped "{[/test/testSwagger/{id}],methods=[GET]}" onto public com.dachen.cboardpublic.util.JSONMessage com.dachen.cboardpublic.controller.TestController.testSwagger(java.lang.String)
2018-12-27 18:46:21.249 [http-nio-8500-exec-2] INFO  o.s.w.s.m.m.a.RequestMappingHandlerMapping - Mapped "{[/swagger-resources/configuration/security]}" onto public org.springframework.http.ResponseEntity<springfox.documentation.swagger.web.SecurityConfiguration> springfox.documentation.swagger.web.ApiResourceController.securityConfiguration()
2018-12-27 18:46:21.250 [http-nio-8500-exec-2] INFO  o.s.w.s.m.m.a.RequestMappingHandlerMapping - Mapped "{[/swagger-resources]}" onto public org.springframework.http.ResponseEntity<java.util.List<springfox.documentation.swagger.web.SwaggerResource>> springfox.documentation.swagger.web.ApiResourceController.swaggerResources()
2018-12-27 18:46:21.250 [http-nio-8500-exec-2] INFO  o.s.w.s.m.m.a.RequestMappingHandlerMapping - Mapped "{[/swagger-resources/configuration/ui]}" onto public org.springframework.http.ResponseEntity<springfox.documentation.swagger.web.UiConfiguration> springfox.documentation.swagger.web.ApiResourceController.uiConfiguration()
2018-12-27 18:46:21.253 [http-nio-8500-exec-2] INFO  o.s.w.s.m.m.a.RequestMappingHandlerMapping - Mapped "{[/error]}" onto public org.springframework.http.ResponseEntity<java.util.Map<java.lang.String, java.lang.Object>> org.springframework.boot.autoconfigure.web.BasicErrorController.error(javax.servlet.http.HttpServletRequest)
2018-12-27 18:46:21.253 [http-nio-8500-exec-2] INFO  o.s.w.s.m.m.a.RequestMappingHandlerMapping - Mapped "{[/error],produces=[text/html]}" onto public org.springframework.web.servlet.ModelAndView org.springframework.boot.autoconfigure.web.BasicErrorController.errorHtml(javax.servlet.http.HttpServletRequest,javax.servlet.http.HttpServletResponse)
2018-12-27 18:46:21.256 [http-nio-8500-exec-2] INFO  o.s.w.s.h.SimpleUrlHandlerMapping - Mapped URL path [/webjars/**] onto handler of type [class org.springframework.web.servlet.resource.ResourceHttpRequestHandler]
2018-12-27 18:46:21.256 [http-nio-8500-exec-2] INFO  o.s.w.s.h.SimpleUrlHandlerMapping - Mapped URL path [/**] onto handler of type [class org.springframework.web.servlet.resource.ResourceHttpRequestHandler]
2018-12-27 18:46:31.788 [http-nio-8500-exec-10] INFO  c.d.c.s.CboardPublicServiceImpl - doTime:4570 sql:select distinct module from dw.dw_full_point where module is not null and trim(module)<>'' and module<>'null' 
2018-12-27 18:55:39.121 [http-nio-8500-exec-7] INFO  o.s.w.s.h.SimpleUrlHandlerMapping - Mapped URL path [/**/favicon.ico] onto handler of type [class org.springframework.web.servlet.resource.ResourceHttpRequestHandler]
2018-12-27 18:55:39.123 [http-nio-8500-exec-7] INFO  o.s.w.s.h.SimpleUrlHandlerMapping - Mapped URL path [/webjars/**] onto handler of type [class org.springframework.web.servlet.resource.ResourceHttpRequestHandler]
2018-12-27 18:55:39.123 [http-nio-8500-exec-7] INFO  o.s.w.s.h.SimpleUrlHandlerMapping - Mapped URL path [/**] onto handler of type [class org.springframework.web.servlet.resource.ResourceHttpRequestHandler]
2018-12-27 20:16:41.466 [http-nio-8500-exec-1] INFO  o.s.w.s.h.SimpleUrlHandlerMapping - Mapped URL path [/**/favicon.ico] onto handler of type [class org.springframework.web.servlet.resource.ResourceHttpRequestHandler]
2018-12-27 20:16:41.473 [http-nio-8500-exec-1] INFO  o.s.w.s.h.SimpleUrlHandlerMapping - Mapped URL path [/webjars/**] onto handler of type [class org.springframework.web.servlet.resource.ResourceHttpRequestHandler]
2018-12-27 20:16:41.473 [http-nio-8500-exec-1] INFO  o.s.w.s.h.SimpleUrlHandlerMapping - Mapped URL path [/**] onto handler of type [class org.springframework.web.servlet.resource.ResourceHttpRequestHandler]
