2018-12-28 10:13:37.178 [http-nio-8500-exec-8] ERROR com.dachen.cboardpublic.dao.CboardPublicDaoImpl - getClusterCount ERROR:[Simba][ImpalaJDBCDriver](500051) ERROR processing query/statement. Error Code: 0, SQL state: TStatus(statusCode:ERROR_STATUS, sqlState:HY000, errorMessage:AnalysisException: Syntax error in line 1:
select %s from %s
       ^
Encountered: %
Expected: ALL, CASE, CAST, DEFAULT, DISTINCT, EXISTS, FALSE, IF, INTERVAL, NOT, NULL, REPLACE, STRAIGHT_JOIN, TRUNCATE, TRUE, IDENTIFIER

CAUSED BY: Exception: Syntax error
), Query: select %s from %s.
2018-12-28 10:14:00.049 [http-nio-8500-exec-3] ERROR com.dachen.cboardpublic.dao.CboardPublicDaoImpl - getClusterCount ERROR:[Simba][ImpalaJDBCDriver](500051) ERROR processing query/statement. Error Code: 0, SQL state: TStatus(statusCode:ERROR_STATUS, sqlState:HY000, errorMessage:AnalysisException: Syntax error in line 1:
select %s from %s
       ^
Encountered: %
Expected: ALL, CASE, CAST, DEFAULT, DISTINCT, EXISTS, FALSE, IF, INTERVAL, NOT, NULL, REPLACE, STRAIGHT_JOIN, TRUNCATE, TRUE, IDENTIFIER

CAUSED BY: Exception: Syntax error
), Query: select %s from %s.
2018-12-28 10:14:24.530 [http-nio-8500-exec-6] ERROR com.dachen.cboardpublic.dao.CboardPublicDaoImpl - getClusterCount ERROR:[Simba][ImpalaJDBCDriver](500051) ERROR processing query/statement. Error Code: 0, SQL state: TStatus(statusCode:ERROR_STATUS, sqlState:HY000, errorMessage:AnalysisException: Syntax error in line 1:
select %s from %s
       ^
Encountered: %
Expected: ALL, CASE, CAST, DEFAULT, DISTINCT, EXISTS, FALSE, IF, INTERVAL, NOT, NULL, REPLACE, STRAIGHT_JOIN, TRUNCATE, TRUE, IDENTIFIER

CAUSED BY: Exception: Syntax error
), Query: select %s from %s.
2018-12-28 10:14:48.433 [http-nio-8500-exec-5] ERROR com.dachen.cboardpublic.dao.CboardPublicDaoImpl - getClusterCount ERROR:[Simba][ImpalaJDBCDriver](500051) ERROR processing query/statement. Error Code: 0, SQL state: TStatus(statusCode:ERROR_STATUS, sqlState:HY000, errorMessage:AnalysisException: Syntax error in line 1:
select %s from %s
       ^
Encountered: %
Expected: ALL, CASE, CAST, DEFAULT, DISTINCT, EXISTS, FALSE, IF, INTERVAL, NOT, NULL, REPLACE, STRAIGHT_JOIN, TRUNCATE, TRUE, IDENTIFIER

CAUSED BY: Exception: Syntax error
), Query: select %s from %s.
2018-12-28 10:15:38.580 [http-nio-8500-exec-1] ERROR com.dachen.cboardpublic.dao.CboardPublicDaoImpl - getClusterCount ERROR:[Simba][ImpalaJDBCDriver](500051) ERROR processing query/statement. Error Code: 0, SQL state: TStatus(statusCode:ERROR_STATUS, sqlState:HY000, errorMessage:AnalysisException: Syntax error in line 1:
select %s from %s
       ^
Encountered: %
Expected: ALL, CASE, CAST, DEFAULT, DISTINCT, EXISTS, FALSE, IF, INTERVAL, NOT, NULL, REPLACE, STRAIGHT_JOIN, TRUNCATE, TRUE, IDENTIFIER

CAUSED BY: Exception: Syntax error
), Query: select %s from %s.
2018-12-28 10:16:23.188 [http-nio-8500-exec-4] ERROR com.dachen.cboardpublic.dao.CboardPublicDaoImpl - getClusterCount ERROR:[Simba][ImpalaJDBCDriver](500051) ERROR processing query/statement. Error Code: 0, SQL state: TStatus(statusCode:ERROR_STATUS, sqlState:HY000, errorMessage:AnalysisException: Syntax error in line 1:
select %s from %s
       ^
Encountered: %
Expected: ALL, CASE, CAST, DEFAULT, DISTINCT, EXISTS, FALSE, IF, INTERVAL, NOT, NULL, REPLACE, STRAIGHT_JOIN, TRUNCATE, TRUE, IDENTIFIER

CAUSED BY: Exception: Syntax error
), Query: select %s from %s.
2018-12-28 10:29:05.403 [http-nio-8500-exec-2] ERROR com.dachen.cboardpublic.dao.CboardPublicDaoImpl - getClusterCount ERROR:[Simba][ImpalaJDBCDriver](500051) ERROR processing query/statement. Error Code: 0, SQL state: TStatus(statusCode:ERROR_STATUS, sqlState:HY000, errorMessage:AnalysisException: Syntax error in line 1:
select null from null
                 ^
Encountered: NULL
Expected: DEFAULT, IDENTIFIER

CAUSED BY: Exception: Syntax error
), Query: select null from null.
2018-12-28 10:29:14.359 [http-nio-8500-exec-3] ERROR com.dachen.cboardpublic.dao.CboardPublicDaoImpl - getClusterCount ERROR:[Simba][ImpalaJDBCDriver](500051) ERROR processing query/statement. Error Code: 0, SQL state: TStatus(statusCode:ERROR_STATUS, sqlState:HY000, errorMessage:AnalysisException: Syntax error in line 1:
select null from null
                 ^
Encountered: NULL
Expected: DEFAULT, IDENTIFIER

CAUSED BY: Exception: Syntax error
), Query: select null from null.
